# JRE version: OpenJDK Runtime Environment (8.0_212-b04) (build 1.8.0_212-release-1586-b04)
# Java VM: OpenJDK 64-Bit Server VM (25.212-b04 mixed mode windows-amd64 compressed oops)
Heap:
 PSYoungGen      total 227328K, used 23199K [0x00000000e0000000, 0x00000000f1c00000, 0x0000000100000000)
  eden space 194048K, 8% used [0x00000000e0000000,0x00000000e1084240,0x00000000ebd80000)
  from space 33280K, 18% used [0x00000000ebd80000,0x00000000ec3a3a40,0x00000000ede00000)
  to   space 32256K, 0% used [0x00000000efc80000,0x00000000efc80000,0x00000000f1c00000)
 ParOldGen       total 138240K, used 53619K [0x00000000a0000000, 0x00000000a8700000, 0x00000000e0000000)
  object space 138240K, 38% used [0x00000000a0000000,0x00000000a345ce40,0x00000000a8700000)
 Metaspace       used 69907K, capacity 72700K, committed 73048K, reserved 1112064K
  class space    used 9605K, capacity 10215K, committed 10328K, reserved 1048576K
GC Heap History (10 events):
Event: 22.649 GC heap before
{Heap before GC invocations=19 (full 3):
 PSYoungGen      total 153088K, used 136704K [0x00000000e0000000, 0x00000000ec580000, 0x0000000100000000)
  eden space 136704K, 100% used [0x00000000e0000000,0x00000000e8580000,0x00000000e8580000)
  from space 16384K, 0% used [0x00000000e8580000,0x00000000e8580000,0x00000000e9580000)
  to   space 15872K, 0% used [0x00000000eb600000,0x00000000eb600000,0x00000000ec580000)
 ParOldGen       total 89600K, used 32782K [0x00000000a0000000, 0x00000000a5780000, 0x00000000e0000000)
  object space 89600K, 36% used [0x00000000a0000000,0x00000000a2003990,0x00000000a5780000)
 Metaspace       used 59016K, capacity 61240K, committed 61400K, reserved 1101824K
  class space    used 8104K, capacity 8573K, committed 8664K, reserved 1048576K
Event: 22.677 GC heap after
Heap after GC invocations=19 (full 3):
 PSYoungGen      total 177152K, used 10565K [0x00000000e0000000, 0x00000000ec180000, 0x0000000100000000)
  eden space 165376K, 0% used [0x00000000e0000000,0x00000000e0000000,0x00000000ea180000)
  from space 11776K, 89% used [0x00000000eb600000,0x00000000ec0514d8,0x00000000ec180000)
  to   space 16384K, 0% used [0x00000000ea180000,0x00000000ea180000,0x00000000eb180000)
 ParOldGen       total 89600K, used 32790K [0x00000000a0000000, 0x00000000a5780000, 0x00000000e0000000)
  object space 89600K, 36% used [0x00000000a0000000,0x00000000a2005990,0x00000000a5780000)
 Metaspace       used 59016K, capacity 61240K, committed 61400K, reserved 1101824K
  class space    used 8104K, capacity 8573K, committed 8664K, reserved 1048576K
}
Event: 25.676 GC heap before
{Heap before GC invocations=20 (full 3):
 PSYoungGen      total 177152K, used 175941K [0x00000000e0000000, 0x00000000ec180000, 0x0000000100000000)
  eden space 165376K, 100% used [0x00000000e0000000,0x00000000ea180000,0x00000000ea180000)
  from space 11776K, 89% used [0x00000000eb600000,0x00000000ec0514d8,0x00000000ec180000)
  to   space 16384K, 0% used [0x00000000ea180000,0x00000000ea180000,0x00000000eb180000)
 ParOldGen       total 89600K, used 32790K [0x00000000a0000000, 0x00000000a5780000, 0x00000000e0000000)
  object space 89600K, 36% used [0x00000000a0000000,0x00000000a2005990,0x00000000a5780000)
 Metaspace       used 65411K, capacity 68250K, committed 68312K, reserved 1107968K
  class space    used 9065K, capacity 9666K, committed 9688K, reserved 1048576K
Event: 25.786 GC heap after
Heap after GC invocations=20 (full 3):
 PSYoungGen      total 181760K, used 16366K [0x00000000e0000000, 0x00000000efd00000, 0x0000000100000000)
  eden space 165376K, 0% used [0x00000000e0000000,0x00000000e0000000,0x00000000ea180000)
  from space 16384K, 99% used [0x00000000ea180000,0x00000000eb17bad8,0x00000000eb180000)
  to   space 31744K, 0% used [0x00000000ede00000,0x00000000ede00000,0x00000000efd00000)
 ParOldGen       total 89600K, used 68327K [0x00000000a0000000, 0x00000000a5780000, 0x00000000e0000000)
  object space 89600K, 76% used [0x00000000a0000000,0x00000000a42b9f50,0x00000000a5780000)
 Metaspace       used 65411K, capacity 68250K, committed 68312K, reserved 1107968K
  class space    used 9065K, capacity 9666K, committed 9688K, reserved 1048576K
}
Event: 28.345 GC heap before
{Heap before GC invocations=21 (full 3):
 PSYoungGen      total 181760K, used 181742K [0x00000000e0000000, 0x00000000efd00000, 0x0000000100000000)
  eden space 165376K, 100% used [0x00000000e0000000,0x00000000ea180000,0x00000000ea180000)
  from space 16384K, 99% used [0x00000000ea180000,0x00000000eb17bad8,0x00000000eb180000)
  to   space 31744K, 0% used [0x00000000ede00000,0x00000000ede00000,0x00000000efd00000)
 ParOldGen       total 89600K, used 68327K [0x00000000a0000000, 0x00000000a5780000, 0x00000000e0000000)
  object space 89600K, 76% used [0x00000000a0000000,0x00000000a42b9f50,0x00000000a5780000)
 Metaspace       used 68867K, capacity 71874K, committed 72152K, reserved 1112064K
  class space    used 9495K, capacity 10112K, committed 10200K, reserved 1048576K
Event: 28.411 GC heap after
Heap after GC invocations=21 (full 3):
 PSYoungGen      total 225792K, used 20319K [0x00000000e0000000, 0x00000000f0200000, 0x0000000100000000)
  eden space 194048K, 0% used [0x00000000e0000000,0x00000000e0000000,0x00000000ebd80000)
  from space 31744K, 64% used [0x00000000ede00000,0x00000000ef1d7e68,0x00000000efd00000)
  to   space 33280K, 0% used [0x00000000ebd80000,0x00000000ebd80000,0x00000000ede00000)
 ParOldGen       total 89600K, used 77241K [0x00000000a0000000, 0x00000000a5780000, 0x00000000e0000000)
  object space 89600K, 86% used [0x00000000a0000000,0x00000000a4b6e430,0x00000000a5780000)
 Metaspace       used 68867K, capacity 71874K, committed 72152K, reserved 1112064K
  class space    used 9495K, capacity 10112K, committed 10200K, reserved 1048576K
}
Event: 28.411 GC heap before
{Heap before GC invocations=22 (full 4):
 PSYoungGen      total 225792K, used 20319K [0x00000000e0000000, 0x00000000f0200000, 0x0000000100000000)
  eden space 194048K, 0% used [0x00000000e0000000,0x00000000e0000000,0x00000000ebd80000)
  from space 31744K, 64% used [0x00000000ede00000,0x00000000ef1d7e68,0x00000000efd00000)
  to   space 33280K, 0% used [0x00000000ebd80000,0x00000000ebd80000,0x00000000ede00000)
 ParOldGen       total 89600K, used 77241K [0x00000000a0000000, 0x00000000a5780000, 0x00000000e0000000)
  object space 89600K, 86% used [0x00000000a0000000,0x00000000a4b6e430,0x00000000a5780000)
 Metaspace       used 68867K, capacity 71874K, committed 72152K, reserved 1112064K
  class space    used 9495K, capacity 10112K, committed 10200K, reserved 1048576K
Event: 28.612 GC heap after
Heap after GC invocations=22 (full 4):
 PSYoungGen      total 225792K, used 0K [0x00000000e0000000, 0x00000000f0200000, 0x0000000100000000)
  eden space 194048K, 0% used [0x00000000e0000000,0x00000000e0000000,0x00000000ebd80000)
  from space 31744K, 0% used [0x00000000ede00000,0x00000000ede00000,0x00000000efd00000)
  to   space 33280K, 0% used [0x00000000ebd80000,0x00000000ebd80000,0x00000000ede00000)
 ParOldGen       total 138240K, used 53611K [0x00000000a0000000, 0x00000000a8700000, 0x00000000e0000000)
  object space 138240K, 38% used [0x00000000a0000000,0x00000000a345ae40,0x00000000a8700000)
 Metaspace       used 68751K, capacity 71542K, committed 72152K, reserved 1112064K
  class space    used 9456K, capacity 10042K, committed 10200K, reserved 1048576K
}
Event: 44.414 GC heap before
{Heap before GC invocations=23 (full 4):
 PSYoungGen      total 225792K, used 194048K [0x00000000e0000000, 0x00000000f0200000, 0x0000000100000000)
  eden space 194048K, 100% used [0x00000000e0000000,0x00000000ebd80000,0x00000000ebd80000)
  from space 31744K, 0% used [0x00000000ede00000,0x00000000ede00000,0x00000000efd00000)
  to   space 33280K, 0% used [0x00000000ebd80000,0x00000000ebd80000,0x00000000ede00000)
 ParOldGen       total 138240K, used 53611K [0x00000000a0000000, 0x00000000a8700000, 0x00000000e0000000)
  object space 138240K, 38% used [0x00000000a0000000,0x00000000a345ae40,0x00000000a8700000)
 Metaspace       used 69218K, capacity 71960K, committed 72408K, reserved 1112064K
  class space    used 9515K, capacity 10085K, committed 10200K, reserved 1048576K
Event: 44.426 GC heap after
Heap after GC invocations=23 (full 4):
 PSYoungGen      total 227328K, used 6286K [0x00000000e0000000, 0x00000000f1c00000, 0x0000000100000000)
  eden space 194048K, 0% used [0x00000000e0000000,0x00000000e0000000,0x00000000ebd80000)
  from space 33280K, 18% used [0x00000000ebd80000,0x00000000ec3a3a40,0x00000000ede00000)
  to   space 32256K, 0% used [0x00000000efc80000,0x00000000efc80000,0x00000000f1c00000)
 ParOldGen       total 138240K, used 53619K [0x00000000a0000000, 0x00000000a8700000, 0x00000000e0000000)
  object space 138240K, 38% used [0x00000000a0000000,0x00000000a345ce40,0x00000000a8700000)
 Metaspace       used 69218K, capacity 71960K, committed 72408K, reserved 1112064K
  class space    used 9515K, capacity 10085K, committed 10200K, reserved 1048576K
}

