# JRE version: OpenJDK Runtime Environment (8.0_212-b04) (build 1.8.0_212-release-1586-b04)
# Java VM: OpenJDK 64-Bit Server VM (25.212-b04 mixed mode windows-amd64 compressed oops)
Heap:
 PSYoungGen      total 176128K, used 106643K [0x00000000e0000000, 0x00000000f0b80000, 0x0000000100000000)
  eden space 105472K, 41% used [0x00000000e0000000,0x00000000e2a77c30,0x00000000e6700000)
  from space 70656K, 89% used [0x00000000eb400000,0x00000000ef1ad380,0x00000000ef900000)
  to   space 78848K, 0% used [0x00000000e6700000,0x00000000e6700000,0x00000000eb400000)
 ParOldGen       total 260096K, used 212158K [0x00000000a0000000, 0x00000000afe00000, 0x00000000e0000000)
  object space 260096K, 81% used [0x00000000a0000000,0x00000000acf2fa70,0x00000000afe00000)
 Metaspace       used 96058K, capacity 100548K, committed 100608K, reserved 1136640K
  class space    used 12398K, capacity 13308K, committed 13312K, reserved 1048576K
GC Heap History (10 events):
Event: 1869.943 GC heap before
{Heap before GC invocations=53 (full 5):
 PSYoungGen      total 156672K, used 135746K [0x00000000e0000000, 0x00000000ec780000, 0x0000000100000000)
  eden space 111616K, 100% used [0x00000000e0000000,0x00000000e6d00000,0x00000000e6d00000)
  from space 45056K, 53% used [0x00000000e6d00000,0x00000000e84908e0,0x00000000e9900000)
  to   space 44032K, 0% used [0x00000000e9c80000,0x00000000e9c80000,0x00000000ec780000)
 ParOldGen       total 260096K, used 160374K [0x00000000a0000000, 0x00000000afe00000, 0x00000000e0000000)
  object space 260096K, 61% used [0x00000000a0000000,0x00000000a9c9db30,0x00000000afe00000)
 Metaspace       used 95607K, capacity 100056K, committed 100096K, reserved 1136640K
  class space    used 12388K, capacity 13296K, committed 13312K, reserved 1048576K
Event: 1869.988 GC heap after
Heap after GC invocations=53 (full 5):
 PSYoungGen      total 160768K, used 25639K [0x00000000e0000000, 0x00000000ec780000, 0x0000000100000000)
  eden space 116736K, 0% used [0x00000000e0000000,0x00000000e0000000,0x00000000e7200000)
  from space 44032K, 58% used [0x00000000e9c80000,0x00000000eb589fc8,0x00000000ec780000)
  to   space 43520K, 0% used [0x00000000e7200000,0x00000000e7200000,0x00000000e9c80000)
 ParOldGen       total 260096K, used 160382K [0x00000000a0000000, 0x00000000afe00000, 0x00000000e0000000)
  object space 260096K, 61% used [0x00000000a0000000,0x00000000a9c9fb30,0x00000000afe00000)
 Metaspace       used 95607K, capacity 100056K, committed 100096K, reserved 1136640K
  class space    used 12388K, capacity 13296K, committed 13312K, reserved 1048576K
}
Event: 1874.212 GC heap before
{Heap before GC invocations=54 (full 5):
 PSYoungGen      total 160768K, used 142375K [0x00000000e0000000, 0x00000000ec780000, 0x0000000100000000)
  eden space 116736K, 100% used [0x00000000e0000000,0x00000000e7200000,0x00000000e7200000)
  from space 44032K, 58% used [0x00000000e9c80000,0x00000000eb589fc8,0x00000000ec780000)
  to   space 43520K, 0% used [0x00000000e7200000,0x00000000e7200000,0x00000000e9c80000)
 ParOldGen       total 260096K, used 160382K [0x00000000a0000000, 0x00000000afe00000, 0x00000000e0000000)
  object space 260096K, 61% used [0x00000000a0000000,0x00000000a9c9fb30,0x00000000afe00000)
 Metaspace       used 95947K, capacity 100424K, committed 100608K, reserved 1136640K
  class space    used 12391K, capacity 13298K, committed 13312K, reserved 1048576K
Event: 1874.247 GC heap after
Heap after GC invocations=54 (full 5):
 PSYoungGen      total 160256K, used 25352K [0x00000000e0000000, 0x00000000ecb00000, 0x0000000100000000)
  eden space 116736K, 0% used [0x00000000e0000000,0x00000000e0000000,0x00000000e7200000)
  from space 43520K, 58% used [0x00000000e7200000,0x00000000e8ac2248,0x00000000e9c80000)
  to   space 43008K, 0% used [0x00000000ea100000,0x00000000ea100000,0x00000000ecb00000)
 ParOldGen       total 260096K, used 160390K [0x00000000a0000000, 0x00000000afe00000, 0x00000000e0000000)
  object space 260096K, 61% used [0x00000000a0000000,0x00000000a9ca1b30,0x00000000afe00000)
 Metaspace       used 95947K, capacity 100424K, committed 100608K, reserved 1136640K
  class space    used 12391K, capacity 13298K, committed 13312K, reserved 1048576K
}
Event: 1875.084 GC heap before
{Heap before GC invocations=55 (full 5):
 PSYoungGen      total 160256K, used 142088K [0x00000000e0000000, 0x00000000ecb00000, 0x0000000100000000)
  eden space 116736K, 100% used [0x00000000e0000000,0x00000000e7200000,0x00000000e7200000)
  from space 43520K, 58% used [0x00000000e7200000,0x00000000e8ac2248,0x00000000e9c80000)
  to   space 43008K, 0% used [0x00000000ea100000,0x00000000ea100000,0x00000000ecb00000)
 ParOldGen       total 260096K, used 160390K [0x00000000a0000000, 0x00000000afe00000, 0x00000000e0000000)
  object space 260096K, 61% used [0x00000000a0000000,0x00000000a9ca1b30,0x00000000afe00000)
 Metaspace       used 95960K, capacity 100488K, committed 100608K, reserved 1136640K
  class space    used 12392K, capacity 13298K, committed 13312K, reserved 1048576K
Event: 1875.313 GC heap after
Heap after GC invocations=55 (full 5):
 PSYoungGen      total 144384K, used 42980K [0x00000000e0000000, 0x00000000efc00000, 0x0000000100000000)
  eden space 101376K, 0% used [0x00000000e0000000,0x00000000e0000000,0x00000000e6300000)
  from space 43008K, 99% used [0x00000000ea100000,0x00000000ecaf91c8,0x00000000ecb00000)
  to   space 63488K, 0% used [0x00000000e6300000,0x00000000e6300000,0x00000000ea100000)
 ParOldGen       total 260096K, used 199857K [0x00000000a0000000, 0x00000000afe00000, 0x00000000e0000000)
  object space 260096K, 76% used [0x00000000a0000000,0x00000000ac32c548,0x00000000afe00000)
 Metaspace       used 95960K, capacity 100488K, committed 100608K, reserved 1136640K
  class space    used 12392K, capacity 13298K, committed 13312K, reserved 1048576K
}
Event: 1877.376 GC heap before
{Heap before GC invocations=56 (full 5):
 PSYoungGen      total 144384K, used 144355K [0x00000000e0000000, 0x00000000efc00000, 0x0000000100000000)
  eden space 101376K, 99% used [0x00000000e0000000,0x00000000e62ffcf0,0x00000000e6300000)
  from space 43008K, 99% used [0x00000000ea100000,0x00000000ecaf91c8,0x00000000ecb00000)
  to   space 63488K, 0% used [0x00000000e6300000,0x00000000e6300000,0x00000000ea100000)
 ParOldGen       total 260096K, used 199857K [0x00000000a0000000, 0x00000000afe00000, 0x00000000e0000000)
  object space 260096K, 76% used [0x00000000a0000000,0x00000000ac32c548,0x00000000afe00000)
 Metaspace       used 95976K, capacity 100488K, committed 100608K, reserved 1136640K
  class space    used 12392K, capacity 13298K, committed 13312K, reserved 1048576K
Event: 1877.476 GC heap after
Heap after GC invocations=56 (full 5):
 PSYoungGen      total 164864K, used 57744K [0x00000000e0000000, 0x00000000ef900000, 0x0000000100000000)
  eden space 101376K, 0% used [0x00000000e0000000,0x00000000e0000000,0x00000000e6300000)
  from space 63488K, 90% used [0x00000000e6300000,0x00000000e9b64230,0x00000000ea100000)
  to   space 70656K, 0% used [0x00000000eb400000,0x00000000eb400000,0x00000000ef900000)
 ParOldGen       total 260096K, used 205757K [0x00000000a0000000, 0x00000000afe00000, 0x00000000e0000000)
  object space 260096K, 79% used [0x00000000a0000000,0x00000000ac8ef598,0x00000000afe00000)
 Metaspace       used 95976K, capacity 100488K, committed 100608K, reserved 1136640K
  class space    used 12392K, capacity 13298K, committed 13312K, reserved 1048576K
}
Event: 1877.886 GC heap before
{Heap before GC invocations=57 (full 5):
 PSYoungGen      total 164864K, used 159120K [0x00000000e0000000, 0x00000000ef900000, 0x0000000100000000)
  eden space 101376K, 100% used [0x00000000e0000000,0x00000000e6300000,0x00000000e6300000)
  from space 63488K, 90% used [0x00000000e6300000,0x00000000e9b64230,0x00000000ea100000)
  to   space 70656K, 0% used [0x00000000eb400000,0x00000000eb400000,0x00000000ef900000)
 ParOldGen       total 260096K, used 205757K [0x00000000a0000000, 0x00000000afe00000, 0x00000000e0000000)
  object space 260096K, 79% used [0x00000000a0000000,0x00000000ac8ef598,0x00000000afe00000)
 Metaspace       used 95976K, capacity 100488K, committed 100608K, reserved 1136640K
  class space    used 12392K, capacity 13298K, committed 13312K, reserved 1048576K
Event: 1878.009 GC heap after
Heap after GC invocations=57 (full 5):
 PSYoungGen      total 176128K, used 63156K [0x00000000e0000000, 0x00000000f0b80000, 0x0000000100000000)
  eden space 105472K, 0% used [0x00000000e0000000,0x00000000e0000000,0x00000000e6700000)
  from space 70656K, 89% used [0x00000000eb400000,0x00000000ef1ad380,0x00000000ef900000)
  to   space 78848K, 0% used [0x00000000e6700000,0x00000000e6700000,0x00000000eb400000)
 ParOldGen       total 260096K, used 212158K [0x00000000a0000000, 0x00000000afe00000, 0x00000000e0000000)
  object space 260096K, 81% used [0x00000000a0000000,0x00000000acf2fa70,0x00000000afe00000)
 Metaspace       used 95976K, capacity 100488K, committed 100608K, reserved 1136640K
  class space    used 12392K, capacity 13298K, committed 13312K, reserved 1048576K
}

