# JRE version: OpenJDK Runtime Environment (8.0_212-b04) (build 1.8.0_212-release-1586-b04)
# Java VM: OpenJDK 64-Bit Server VM (25.212-b04 mixed mode windows-amd64 compressed oops)
Heap:
 PSYoungGen      total 215552K, used 31501K [0x00000000e0000000, 0x00000000ef500000, 0x0000000100000000)
  eden space 194048K, 5% used [0x00000000e0000000,0x00000000e09c3c08,0x00000000ebd80000)
  from space 21504K, 99% used [0x00000000ed700000,0x00000000eebffbc8,0x00000000eec00000)
  to   space 26112K, 0% used [0x00000000ebd80000,0x00000000ebd80000,0x00000000ed700000)
 ParOldGen       total 123392K, used 58215K [0x00000000a0000000, 0x00000000a7880000, 0x00000000e0000000)
  object space 123392K, 47% used [0x00000000a0000000,0x00000000a38d9d00,0x00000000a7880000)
 Metaspace       used 97568K, capacity 104210K, committed 104384K, reserved 1140736K
  class space    used 12389K, capacity 13460K, committed 13528K, reserved 1048576K
GC Heap History (10 events):
Event: 9146.758 GC heap before
{Heap before GC invocations=94 (full 4):
 PSYoungGen      total 202752K, used 191929K [0x00000000e0000000, 0x00000000ee100000, 0x0000000100000000)
  eden space 180736K, 100% used [0x00000000e0000000,0x00000000eb080000,0x00000000eb080000)
  from space 22016K, 50% used [0x00000000eb080000,0x00000000ebb6e628,0x00000000ec600000)
  to   space 22016K, 0% used [0x00000000ecb80000,0x00000000ecb80000,0x00000000ee100000)
 ParOldGen       total 123392K, used 52643K [0x00000000a0000000, 0x00000000a7880000, 0x00000000e0000000)
  object space 123392K, 42% used [0x00000000a0000000,0x00000000a3368cd0,0x00000000a7880000)
 Metaspace       used 97311K, capacity 103894K, committed 104128K, reserved 1140736K
  class space    used 12371K, capacity 13440K, committed 13528K, reserved 1048576K
Event: 9146.765 GC heap after
Heap after GC invocations=94 (full 4):
 PSYoungGen      total 206336K, used 8193K [0x00000000e0000000, 0x00000000ee000000, 0x0000000100000000)
  eden space 185344K, 0% used [0x00000000e0000000,0x00000000e0000000,0x00000000eb500000)
  from space 20992K, 39% used [0x00000000ecb80000,0x00000000ed3804e0,0x00000000ee000000)
  to   space 22016K, 0% used [0x00000000eb500000,0x00000000eb500000,0x00000000eca80000)
 ParOldGen       total 123392K, used 52667K [0x00000000a0000000, 0x00000000a7880000, 0x00000000e0000000)
  object space 123392K, 42% used [0x00000000a0000000,0x00000000a336ecd0,0x00000000a7880000)
 Metaspace       used 97311K, capacity 103894K, committed 104128K, reserved 1140736K
  class space    used 12371K, capacity 13440K, committed 13528K, reserved 1048576K
}
Event: 9151.059 GC heap before
{Heap before GC invocations=95 (full 4):
 PSYoungGen      total 206336K, used 193537K [0x00000000e0000000, 0x00000000ee000000, 0x0000000100000000)
  eden space 185344K, 100% used [0x00000000e0000000,0x00000000eb500000,0x00000000eb500000)
  from space 20992K, 39% used [0x00000000ecb80000,0x00000000ed3804e0,0x00000000ee000000)
  to   space 22016K, 0% used [0x00000000eb500000,0x00000000eb500000,0x00000000eca80000)
 ParOldGen       total 123392K, used 52667K [0x00000000a0000000, 0x00000000a7880000, 0x00000000e0000000)
  object space 123392K, 42% used [0x00000000a0000000,0x00000000a336ecd0,0x00000000a7880000)
 Metaspace       used 97359K, capacity 103894K, committed 104128K, reserved 1140736K
  class space    used 12372K, capacity 13440K, committed 13528K, reserved 1048576K
Event: 9151.105 GC heap after
Heap after GC invocations=95 (full 4):
 PSYoungGen      total 207360K, used 13761K [0x00000000e0000000, 0x00000000ee800000, 0x0000000100000000)
  eden space 185344K, 0% used [0x00000000e0000000,0x00000000e0000000,0x00000000eb500000)
  from space 22016K, 62% used [0x00000000eb500000,0x00000000ec270550,0x00000000eca80000)
  to   space 21504K, 0% used [0x00000000ed300000,0x00000000ed300000,0x00000000ee800000)
 ParOldGen       total 123392K, used 52699K [0x00000000a0000000, 0x00000000a7880000, 0x00000000e0000000)
  object space 123392K, 42% used [0x00000000a0000000,0x00000000a3376cd0,0x00000000a7880000)
 Metaspace       used 97359K, capacity 103894K, committed 104128K, reserved 1140736K
  class space    used 12372K, capacity 13440K, committed 13528K, reserved 1048576K
}
Event: 9921.099 GC heap before
{Heap before GC invocations=96 (full 4):
 PSYoungGen      total 207360K, used 199105K [0x00000000e0000000, 0x00000000ee800000, 0x0000000100000000)
  eden space 185344K, 100% used [0x00000000e0000000,0x00000000eb500000,0x00000000eb500000)
  from space 22016K, 62% used [0x00000000eb500000,0x00000000ec270550,0x00000000eca80000)
  to   space 21504K, 0% used [0x00000000ed300000,0x00000000ed300000,0x00000000ee800000)
 ParOldGen       total 123392K, used 52699K [0x00000000a0000000, 0x00000000a7880000, 0x00000000e0000000)
  object space 123392K, 42% used [0x00000000a0000000,0x00000000a3376cd0,0x00000000a7880000)
 Metaspace       used 97497K, capacity 104044K, committed 104128K, reserved 1140736K
  class space    used 12383K, capacity 13453K, committed 13528K, reserved 1048576K
Event: 9921.113 GC heap after
Heap after GC invocations=96 (full 4):
 PSYoungGen      total 211968K, used 6640K [0x00000000e0000000, 0x00000000ee600000, 0x0000000100000000)
  eden space 192512K, 0% used [0x00000000e0000000,0x00000000e0000000,0x00000000ebc00000)
  from space 19456K, 34% used [0x00000000ed300000,0x00000000ed97c010,0x00000000ee600000)
  to   space 21504K, 0% used [0x00000000ebc00000,0x00000000ebc00000,0x00000000ed100000)
 ParOldGen       total 123392K, used 52731K [0x00000000a0000000, 0x00000000a7880000, 0x00000000e0000000)
  object space 123392K, 42% used [0x00000000a0000000,0x00000000a337ecd0,0x00000000a7880000)
 Metaspace       used 97497K, capacity 104044K, committed 104128K, reserved 1140736K
  class space    used 12383K, capacity 13453K, committed 13528K, reserved 1048576K
}
Event: 10738.904 GC heap before
{Heap before GC invocations=97 (full 4):
 PSYoungGen      total 211968K, used 199147K [0x00000000e0000000, 0x00000000ee600000, 0x0000000100000000)
  eden space 192512K, 99% used [0x00000000e0000000,0x00000000ebbfee60,0x00000000ebc00000)
  from space 19456K, 34% used [0x00000000ed300000,0x00000000ed97c010,0x00000000ee600000)
  to   space 21504K, 0% used [0x00000000ebc00000,0x00000000ebc00000,0x00000000ed100000)
 ParOldGen       total 123392K, used 52731K [0x00000000a0000000, 0x00000000a7880000, 0x00000000e0000000)
  object space 123392K, 42% used [0x00000000a0000000,0x00000000a337ecd0,0x00000000a7880000)
 Metaspace       used 97528K, capacity 104116K, committed 104384K, reserved 1140736K
  class space    used 12386K, capacity 13455K, committed 13528K, reserved 1048576K
Event: 10739.345 GC heap after
Heap after GC invocations=97 (full 4):
 PSYoungGen      total 214016K, used 7280K [0x00000000e0000000, 0x00000000eec00000, 0x0000000100000000)
  eden space 192512K, 0% used [0x00000000e0000000,0x00000000e0000000,0x00000000ebc00000)
  from space 21504K, 33% used [0x00000000ebc00000,0x00000000ec31c030,0x00000000ed100000)
  to   space 21504K, 0% used [0x00000000ed700000,0x00000000ed700000,0x00000000eec00000)
 ParOldGen       total 123392K, used 52763K [0x00000000a0000000, 0x00000000a7880000, 0x00000000e0000000)
  object space 123392K, 42% used [0x00000000a0000000,0x00000000a3386cd0,0x00000000a7880000)
 Metaspace       used 97528K, capacity 104116K, committed 104384K, reserved 1140736K
  class space    used 12386K, capacity 13455K, committed 13528K, reserved 1048576K
}
Event: 10801.449 GC heap before
{Heap before GC invocations=98 (full 4):
 PSYoungGen      total 214016K, used 199792K [0x00000000e0000000, 0x00000000eec00000, 0x0000000100000000)
  eden space 192512K, 100% used [0x00000000e0000000,0x00000000ebc00000,0x00000000ebc00000)
  from space 21504K, 33% used [0x00000000ebc00000,0x00000000ec31c030,0x00000000ed100000)
  to   space 21504K, 0% used [0x00000000ed700000,0x00000000ed700000,0x00000000eec00000)
 ParOldGen       total 123392K, used 52763K [0x00000000a0000000, 0x00000000a7880000, 0x00000000e0000000)
  object space 123392K, 42% used [0x00000000a0000000,0x00000000a3386cd0,0x00000000a7880000)
 Metaspace       used 97568K, capacity 104210K, committed 104384K, reserved 1140736K
  class space    used 12389K, capacity 13460K, committed 13528K, reserved 1048576K
Event: 10801.583 GC heap after
Heap after GC invocations=98 (full 4):
 PSYoungGen      total 215552K, used 21502K [0x00000000e0000000, 0x00000000ef500000, 0x0000000100000000)
  eden space 194048K, 0% used [0x00000000e0000000,0x00000000e0000000,0x00000000ebd80000)
  from space 21504K, 99% used [0x00000000ed700000,0x00000000eebffbc8,0x00000000eec00000)
  to   space 26112K, 0% used [0x00000000ebd80000,0x00000000ebd80000,0x00000000ed700000)
 ParOldGen       total 123392K, used 58215K [0x00000000a0000000, 0x00000000a7880000, 0x00000000e0000000)
  object space 123392K, 47% used [0x00000000a0000000,0x00000000a38d9d00,0x00000000a7880000)
 Metaspace       used 97568K, capacity 104210K, committed 104384K, reserved 1140736K
  class space    used 12389K, capacity 13460K, committed 13528K, reserved 1048576K
}

