# JRE version: OpenJDK Runtime Environment (8.0_212-b04) (build 1.8.0_212-release-1586-b04)
# Java VM: OpenJDK 64-Bit Server VM (25.212-b04 mixed mode windows-amd64 compressed oops)
Heap:
 PSYoungGen      total 287744K, used 75412K [0x00000000e0000000, 0x00000000f7480000, 0x0000000100000000)
  eden space 207360K, 30% used [0x00000000e0000000,0x00000000e3e46cc0,0x00000000eca80000)
  from space 80384K, 14% used [0x00000000f2600000,0x00000000f315e5b8,0x00000000f7480000)
  to   space 87040K, 0% used [0x00000000eca80000,0x00000000eca80000,0x00000000f1f80000)
 ParOldGen       total 270848K, used 190417K [0x00000000a0000000, 0x00000000b0880000, 0x00000000e0000000)
  object space 270848K, 70% used [0x00000000a0000000,0x00000000ab9f47a8,0x00000000b0880000)
 Metaspace       used 92092K, capacity 96500K, committed 96640K, reserved 1132544K
  class space    used 11768K, capacity 12615K, committed 12672K, reserved 1048576K
GC Heap History (10 events):
Event: 6687.299 GC heap before
{Heap before GC invocations=78 (full 6):
 PSYoungGen      total 247808K, used 167057K [0x00000000e0000000, 0x00000000f5700000, 0x0000000100000000)
  eden space 159744K, 100% used [0x00000000e0000000,0x00000000e9c00000,0x00000000e9c00000)
  from space 88064K, 8% used [0x00000000e9c00000,0x00000000ea3244c8,0x00000000ef200000)
  to   space 84992K, 0% used [0x00000000f0400000,0x00000000f0400000,0x00000000f5700000)
 ParOldGen       total 270848K, used 178367K [0x00000000a0000000, 0x00000000b0880000, 0x00000000e0000000)
  object space 270848K, 65% used [0x00000000a0000000,0x00000000aae2ff58,0x00000000b0880000)
 Metaspace       used 91138K, capacity 95252K, committed 95488K, reserved 1132544K
  class space    used 11655K, capacity 12465K, committed 12544K, reserved 1048576K
Event: 6687.390 GC heap after
Heap after GC invocations=78 (full 6):
 PSYoungGen      total 259072K, used 4178K [0x00000000e0000000, 0x00000000f5180000, 0x0000000100000000)
  eden space 179712K, 0% used [0x00000000e0000000,0x00000000e0000000,0x00000000eaf80000)
  from space 79360K, 5% used [0x00000000f0400000,0x00000000f0814990,0x00000000f5180000)
  to   space 82944K, 0% used [0x00000000eaf80000,0x00000000eaf80000,0x00000000f0080000)
 ParOldGen       total 270848K, used 180742K [0x00000000a0000000, 0x00000000b0880000, 0x00000000e0000000)
  object space 270848K, 66% used [0x00000000a0000000,0x00000000ab081938,0x00000000b0880000)
 Metaspace       used 91138K, capacity 95252K, committed 95488K, reserved 1132544K
  class space    used 11655K, capacity 12465K, committed 12544K, reserved 1048576K
}
Event: 6691.166 GC heap before
{Heap before GC invocations=79 (full 6):
 PSYoungGen      total 259072K, used 181029K [0x00000000e0000000, 0x00000000f5180000, 0x0000000100000000)
  eden space 179712K, 98% used [0x00000000e0000000,0x00000000eacb4b60,0x00000000eaf80000)
  from space 79360K, 5% used [0x00000000f0400000,0x00000000f0814990,0x00000000f5180000)
  to   space 82944K, 0% used [0x00000000eaf80000,0x00000000eaf80000,0x00000000f0080000)
 ParOldGen       total 270848K, used 180742K [0x00000000a0000000, 0x00000000b0880000, 0x00000000e0000000)
  object space 270848K, 66% used [0x00000000a0000000,0x00000000ab081938,0x00000000b0880000)
 Metaspace       used 91220K, capacity 95256K, committed 95488K, reserved 1132544K
  class space    used 11656K, capacity 12465K, committed 12544K, reserved 1048576K
Event: 6691.251 GC heap after
Heap after GC invocations=79 (full 6):
 PSYoungGen      total 262656K, used 1140K [0x00000000e0000000, 0x00000000f6200000, 0x0000000100000000)
  eden space 179712K, 0% used [0x00000000e0000000,0x00000000e0000000,0x00000000eaf80000)
  from space 82944K, 1% used [0x00000000eaf80000,0x00000000eb09d1f8,0x00000000f0080000)
  to   space 80896K, 0% used [0x00000000f1300000,0x00000000f1300000,0x00000000f6200000)
 ParOldGen       total 270848K, used 180862K [0x00000000a0000000, 0x00000000b0880000, 0x00000000e0000000)
  object space 270848K, 66% used [0x00000000a0000000,0x00000000ab09f938,0x00000000b0880000)
 Metaspace       used 91220K, capacity 95256K, committed 95488K, reserved 1132544K
  class space    used 11656K, capacity 12465K, committed 12544K, reserved 1048576K
}
Event: 6692.389 GC heap before
{Heap before GC invocations=80 (full 6):
 PSYoungGen      total 262656K, used 180852K [0x00000000e0000000, 0x00000000f6200000, 0x0000000100000000)
  eden space 179712K, 100% used [0x00000000e0000000,0x00000000eaf80000,0x00000000eaf80000)
  from space 82944K, 1% used [0x00000000eaf80000,0x00000000eb09d1f8,0x00000000f0080000)
  to   space 80896K, 0% used [0x00000000f1300000,0x00000000f1300000,0x00000000f6200000)
 ParOldGen       total 270848K, used 180862K [0x00000000a0000000, 0x00000000b0880000, 0x00000000e0000000)
  object space 270848K, 66% used [0x00000000a0000000,0x00000000ab09f938,0x00000000b0880000)
 Metaspace       used 91265K, capacity 95320K, committed 95488K, reserved 1132544K
  class space    used 11656K, capacity 12465K, committed 12544K, reserved 1048576K
Event: 6692.635 GC heap after
Heap after GC invocations=80 (full 6):
 PSYoungGen      total 267264K, used 76284K [0x00000000e0000000, 0x00000000f8180000, 0x0000000100000000)
  eden space 186368K, 0% used [0x00000000e0000000,0x00000000e0000000,0x00000000eb600000)
  from space 80896K, 94% used [0x00000000f1300000,0x00000000f5d7f008,0x00000000f6200000)
  to   space 95232K, 0% used [0x00000000eb600000,0x00000000eb600000,0x00000000f1300000)
 ParOldGen       total 270848K, used 181833K [0x00000000a0000000, 0x00000000b0880000, 0x00000000e0000000)
  object space 270848K, 67% used [0x00000000a0000000,0x00000000ab1924a0,0x00000000b0880000)
 Metaspace       used 91265K, capacity 95320K, committed 95488K, reserved 1132544K
  class space    used 11656K, capacity 12465K, committed 12544K, reserved 1048576K
}
Event: 6712.431 GC heap before
{Heap before GC invocations=81 (full 6):
 PSYoungGen      total 267264K, used 262652K [0x00000000e0000000, 0x00000000f8180000, 0x0000000100000000)
  eden space 186368K, 100% used [0x00000000e0000000,0x00000000eb600000,0x00000000eb600000)
  from space 80896K, 94% used [0x00000000f1300000,0x00000000f5d7f008,0x00000000f6200000)
  to   space 95232K, 0% used [0x00000000eb600000,0x00000000eb600000,0x00000000f1300000)
 ParOldGen       total 270848K, used 181833K [0x00000000a0000000, 0x00000000b0880000, 0x00000000e0000000)
  object space 270848K, 67% used [0x00000000a0000000,0x00000000ab1924a0,0x00000000b0880000)
 Metaspace       used 91426K, capacity 95492K, committed 95744K, reserved 1132544K
  class space    used 11680K, capacity 12497K, committed 12544K, reserved 1048576K
Event: 6712.908 GC heap after
Heap after GC invocations=81 (full 6):
 PSYoungGen      total 281600K, used 8771K [0x00000000e0000000, 0x00000000f7f00000, 0x0000000100000000)
  eden space 186368K, 0% used [0x00000000e0000000,0x00000000e0000000,0x00000000eb600000)
  from space 95232K, 9% used [0x00000000eb600000,0x00000000ebe90d60,0x00000000f1300000)
  to   space 91136K, 0% used [0x00000000f2600000,0x00000000f2600000,0x00000000f7f00000)
 ParOldGen       total 270848K, used 190305K [0x00000000a0000000, 0x00000000b0880000, 0x00000000e0000000)
  object space 270848K, 70% used [0x00000000a0000000,0x00000000ab9d8768,0x00000000b0880000)
 Metaspace       used 91426K, capacity 95492K, committed 95744K, reserved 1132544K
  class space    used 11680K, capacity 12497K, committed 12544K, reserved 1048576K
}
Event: 7046.523 GC heap before
{Heap before GC invocations=82 (full 6):
 PSYoungGen      total 281600K, used 195139K [0x00000000e0000000, 0x00000000f7f00000, 0x0000000100000000)
  eden space 186368K, 100% used [0x00000000e0000000,0x00000000eb600000,0x00000000eb600000)
  from space 95232K, 9% used [0x00000000eb600000,0x00000000ebe90d60,0x00000000f1300000)
  to   space 91136K, 0% used [0x00000000f2600000,0x00000000f2600000,0x00000000f7f00000)
 ParOldGen       total 270848K, used 190305K [0x00000000a0000000, 0x00000000b0880000, 0x00000000e0000000)
  object space 270848K, 70% used [0x00000000a0000000,0x00000000ab9d8768,0x00000000b0880000)
 Metaspace       used 92052K, capacity 96362K, committed 96640K, reserved 1132544K
  class space    used 11768K, capacity 12614K, committed 12672K, reserved 1048576K
Event: 7046.625 GC heap after
Heap after GC invocations=82 (full 6):
 PSYoungGen      total 287744K, used 11641K [0x00000000e0000000, 0x00000000f7480000, 0x0000000100000000)
  eden space 207360K, 0% used [0x00000000e0000000,0x00000000e0000000,0x00000000eca80000)
  from space 80384K, 14% used [0x00000000f2600000,0x00000000f315e5b8,0x00000000f7480000)
  to   space 87040K, 0% used [0x00000000eca80000,0x00000000eca80000,0x00000000f1f80000)
 ParOldGen       total 270848K, used 190417K [0x00000000a0000000, 0x00000000b0880000, 0x00000000e0000000)
  object space 270848K, 70% used [0x00000000a0000000,0x00000000ab9f47a8,0x00000000b0880000)
 Metaspace       used 92052K, capacity 96362K, committed 96640K, reserved 1132544K
  class space    used 11768K, capacity 12614K, committed 12672K, reserved 1048576K
}

