# JRE version: OpenJDK Runtime Environment (8.0_212-b04) (build 1.8.0_212-release-1586-b04)
# Java VM: OpenJDK 64-Bit Server VM (25.212-b04 mixed mode windows-amd64 compressed oops)
Heap:
 PSYoungGen      total 138240K, used 51939K [0x00000000e0000000, 0x00000000ec300000, 0x0000000100000000)
  eden space 135168K, 36% used [0x00000000e0000000,0x00000000e2fe7fa0,0x00000000e8400000)
  from space 3072K, 93% used [0x00000000e8880000,0x00000000e8b50d08,0x00000000e8b80000)
  to   space 32256K, 0% used [0x00000000ea380000,0x00000000ea380000,0x00000000ec300000)
 ParOldGen       total 163328K, used 88522K [0x00000000a0000000, 0x00000000a9f80000, 0x00000000e0000000)
  object space 163328K, 54% used [0x00000000a0000000,0x00000000a56728e0,0x00000000a9f80000)
 Metaspace       used 93092K, capacity 98396K, committed 98560K, reserved 1134592K
  class space    used 11950K, capacity 12932K, committed 13056K, reserved 1048576K
GC Heap History (10 events):
Event: 1527.414 GC heap before
{Heap before GC invocations=41 (full 4):
 PSYoungGen      total 188928K, used 182267K [0x00000000e0000000, 0x00000000edf80000, 0x0000000100000000)
  eden space 160256K, 100% used [0x00000000e0000000,0x00000000e9c80000,0x00000000e9c80000)
  from space 28672K, 76% used [0x00000000ec380000,0x00000000ed8fee48,0x00000000edf80000)
  to   space 34304K, 0% used [0x00000000e9c80000,0x00000000e9c80000,0x00000000ebe00000)
 ParOldGen       total 163328K, used 83134K [0x00000000a0000000, 0x00000000a9f80000, 0x00000000e0000000)
  object space 163328K, 50% used [0x00000000a0000000,0x00000000a512fad0,0x00000000a9f80000)
 Metaspace       used 91892K, capacity 96884K, committed 97024K, reserved 1134592K
  class space    used 11796K, capacity 12716K, committed 12800K, reserved 1048576K
Event: 1527.438 GC heap after
Heap after GC invocations=41 (full 4):
 PSYoungGen      total 171008K, used 15987K [0x00000000e0000000, 0x00000000ed700000, 0x0000000100000000)
  eden space 154624K, 0% used [0x00000000e0000000,0x00000000e0000000,0x00000000e9700000)
  from space 16384K, 97% used [0x00000000e9c80000,0x00000000eac1cc60,0x00000000eac80000)
  to   space 32768K, 0% used [0x00000000eb700000,0x00000000eb700000,0x00000000ed700000)
 ParOldGen       total 163328K, used 83142K [0x00000000a0000000, 0x00000000a9f80000, 0x00000000e0000000)
  object space 163328K, 50% used [0x00000000a0000000,0x00000000a5131ad0,0x00000000a9f80000)
 Metaspace       used 91892K, capacity 96884K, committed 97024K, reserved 1134592K
  class space    used 11796K, capacity 12716K, committed 12800K, reserved 1048576K
}
Event: 1530.211 GC heap before
{Heap before GC invocations=42 (full 4):
 PSYoungGen      total 171008K, used 170611K [0x00000000e0000000, 0x00000000ed700000, 0x0000000100000000)
  eden space 154624K, 100% used [0x00000000e0000000,0x00000000e9700000,0x00000000e9700000)
  from space 16384K, 97% used [0x00000000e9c80000,0x00000000eac1cc60,0x00000000eac80000)
  to   space 32768K, 0% used [0x00000000eb700000,0x00000000eb700000,0x00000000ed700000)
 ParOldGen       total 163328K, used 83142K [0x00000000a0000000, 0x00000000a9f80000, 0x00000000e0000000)
  object space 163328K, 50% used [0x00000000a0000000,0x00000000a5131ad0,0x00000000a9f80000)
 Metaspace       used 91919K, capacity 96890K, committed 97024K, reserved 1134592K
  class space    used 11797K, capacity 12717K, committed 12800K, reserved 1048576K
Event: 1530.244 GC heap after
Heap after GC invocations=42 (full 4):
 PSYoungGen      total 177152K, used 21355K [0x00000000e0000000, 0x00000000ed200000, 0x0000000100000000)
  eden space 149504K, 0% used [0x00000000e0000000,0x00000000e0000000,0x00000000e9200000)
  from space 27648K, 77% used [0x00000000eb700000,0x00000000ecbdad30,0x00000000ed200000)
  to   space 32768K, 0% used [0x00000000e9200000,0x00000000e9200000,0x00000000eb200000)
 ParOldGen       total 163328K, used 83150K [0x00000000a0000000, 0x00000000a9f80000, 0x00000000e0000000)
  object space 163328K, 50% used [0x00000000a0000000,0x00000000a5133ad0,0x00000000a9f80000)
 Metaspace       used 91919K, capacity 96890K, committed 97024K, reserved 1134592K
  class space    used 11797K, capacity 12717K, committed 12800K, reserved 1048576K
}
Event: 1697.396 GC heap before
{Heap before GC invocations=43 (full 4):
 PSYoungGen      total 177152K, used 170859K [0x00000000e0000000, 0x00000000ed200000, 0x0000000100000000)
  eden space 149504K, 100% used [0x00000000e0000000,0x00000000e9200000,0x00000000e9200000)
  from space 27648K, 77% used [0x00000000eb700000,0x00000000ecbdad30,0x00000000ed200000)
  to   space 32768K, 0% used [0x00000000e9200000,0x00000000e9200000,0x00000000eb200000)
 ParOldGen       total 163328K, used 83150K [0x00000000a0000000, 0x00000000a9f80000, 0x00000000e0000000)
  object space 163328K, 50% used [0x00000000a0000000,0x00000000a5133ad0,0x00000000a9f80000)
 Metaspace       used 92013K, capacity 97036K, committed 97280K, reserved 1134592K
  class space    used 11798K, capacity 12718K, committed 12800K, reserved 1048576K
Event: 1697.423 GC heap after
Heap after GC invocations=43 (full 4):
 PSYoungGen      total 157696K, used 13091K [0x00000000e0000000, 0x00000000ecc00000, 0x0000000100000000)
  eden space 144384K, 0% used [0x00000000e0000000,0x00000000e0000000,0x00000000e8d00000)
  from space 13312K, 98% used [0x00000000e9200000,0x00000000e9ec8c28,0x00000000e9f00000)
  to   space 32256K, 0% used [0x00000000eac80000,0x00000000eac80000,0x00000000ecc00000)
 ParOldGen       total 163328K, used 85746K [0x00000000a0000000, 0x00000000a9f80000, 0x00000000e0000000)
  object space 163328K, 52% used [0x00000000a0000000,0x00000000a53bc860,0x00000000a9f80000)
 Metaspace       used 92013K, capacity 97036K, committed 97280K, reserved 1134592K
  class space    used 11798K, capacity 12718K, committed 12800K, reserved 1048576K
}
Event: 1700.537 GC heap before
{Heap before GC invocations=44 (full 4):
 PSYoungGen      total 157696K, used 157475K [0x00000000e0000000, 0x00000000ecc00000, 0x0000000100000000)
  eden space 144384K, 100% used [0x00000000e0000000,0x00000000e8d00000,0x00000000e8d00000)
  from space 13312K, 98% used [0x00000000e9200000,0x00000000e9ec8c28,0x00000000e9f00000)
  to   space 32256K, 0% used [0x00000000eac80000,0x00000000eac80000,0x00000000ecc00000)
 ParOldGen       total 163328K, used 85746K [0x00000000a0000000, 0x00000000a9f80000, 0x00000000e0000000)
  object space 163328K, 52% used [0x00000000a0000000,0x00000000a53bc860,0x00000000a9f80000)
 Metaspace       used 92044K, capacity 97164K, committed 97280K, reserved 1134592K
  class space    used 11798K, capacity 12718K, committed 12800K, reserved 1048576K
Event: 1700.568 GC heap after
Heap after GC invocations=44 (full 4):
 PSYoungGen      total 165376K, used 16049K [0x00000000e0000000, 0x00000000ec580000, 0x0000000100000000)
  eden space 139776K, 0% used [0x00000000e0000000,0x00000000e0000000,0x00000000e8880000)
  from space 25600K, 62% used [0x00000000eac80000,0x00000000ebc2c610,0x00000000ec580000)
  to   space 31232K, 0% used [0x00000000e8880000,0x00000000e8880000,0x00000000ea700000)
 ParOldGen       total 163328K, used 88298K [0x00000000a0000000, 0x00000000a9f80000, 0x00000000e0000000)
  object space 163328K, 54% used [0x00000000a0000000,0x00000000a563a8e0,0x00000000a9f80000)
 Metaspace       used 92044K, capacity 97164K, committed 97280K, reserved 1134592K
  class space    used 11798K, capacity 12718K, committed 12800K, reserved 1048576K
}
Event: 7903.495 GC heap before
{Heap before GC invocations=45 (full 4):
 PSYoungGen      total 165376K, used 155825K [0x00000000e0000000, 0x00000000ec580000, 0x0000000100000000)
  eden space 139776K, 100% used [0x00000000e0000000,0x00000000e8880000,0x00000000e8880000)
  from space 25600K, 62% used [0x00000000eac80000,0x00000000ebc2c610,0x00000000ec580000)
  to   space 31232K, 0% used [0x00000000e8880000,0x00000000e8880000,0x00000000ea700000)
 ParOldGen       total 163328K, used 88298K [0x00000000a0000000, 0x00000000a9f80000, 0x00000000e0000000)
  object space 163328K, 54% used [0x00000000a0000000,0x00000000a563a8e0,0x00000000a9f80000)
 Metaspace       used 92110K, capacity 97168K, committed 97280K, reserved 1134592K
  class space    used 11798K, capacity 12718K, committed 12800K, reserved 1048576K
Event: 7903.575 GC heap after
Heap after GC invocations=45 (full 4):
 PSYoungGen      total 138240K, used 2883K [0x00000000e0000000, 0x00000000ec300000, 0x0000000100000000)
  eden space 135168K, 0% used [0x00000000e0000000,0x00000000e0000000,0x00000000e8400000)
  from space 3072K, 93% used [0x00000000e8880000,0x00000000e8b50d08,0x00000000e8b80000)
  to   space 32256K, 0% used [0x00000000ea380000,0x00000000ea380000,0x00000000ec300000)
 ParOldGen       total 163328K, used 88522K [0x00000000a0000000, 0x00000000a9f80000, 0x00000000e0000000)
  object space 163328K, 54% used [0x00000000a0000000,0x00000000a56728e0,0x00000000a9f80000)
 Metaspace       used 92110K, capacity 97168K, committed 97280K, reserved 1134592K
  class space    used 11798K, capacity 12718K, committed 12800K, reserved 1048576K
}

