# JRE version: OpenJDK Runtime Environment (8.0_212-b04) (build 1.8.0_212-release-1586-b04)
# Java VM: OpenJDK 64-Bit Server VM (25.212-b04 mixed mode windows-amd64 compressed oops)
Heap:
 PSYoungGen      total 207360K, used 167736K [0x00000000e0000000, 0x00000000f0b00000, 0x0000000100000000)
  eden space 162304K, 90% used [0x00000000e0000000,0x00000000e8f24fa0,0x00000000e9e80000)
  from space 45056K, 46% used [0x00000000e9e80000,0x00000000eb329060,0x00000000eca80000)
  to   space 43520K, 0% used [0x00000000ee080000,0x00000000ee080000,0x00000000f0b00000)
 ParOldGen       total 160256K, used 101802K [0x00000000a0000000, 0x00000000a9c80000, 0x00000000e0000000)
  object space 160256K, 63% used [0x00000000a0000000,0x00000000a636ab30,0x00000000a9c80000)
 Metaspace       used 90538K, capacity 94338K, committed 94464K, reserved 1130496K
  class space    used 11747K, capacity 12492K, committed 12544K, reserved 1048576K
GC Heap History (10 events):
Event: 338.481 GC heap before
{Heap before GC invocations=29 (full 3):
 PSYoungGen      total 161792K, used 158837K [0x00000000e0000000, 0x00000000ed580000, 0x0000000100000000)
  eden space 132608K, 100% used [0x00000000e0000000,0x00000000e8180000,0x00000000e8180000)
  from space 29184K, 89% used [0x00000000e8180000,0x00000000e9b1d758,0x00000000e9e00000)
  to   space 32768K, 0% used [0x00000000eb580000,0x00000000eb580000,0x00000000ed580000)
 ParOldGen       total 84992K, used 60605K [0x00000000a0000000, 0x00000000a5300000, 0x00000000e0000000)
  object space 84992K, 71% used [0x00000000a0000000,0x00000000a3b2f688,0x00000000a5300000)
 Metaspace       used 86068K, capacity 89730K, committed 89856K, reserved 1126400K
  class space    used 11223K, capacity 11974K, committed 12032K, reserved 1048576K
Event: 338.559 GC heap after
Heap after GC invocations=29 (full 3):
 PSYoungGen      total 171520K, used 32747K [0x00000000e0000000, 0x00000000ef800000, 0x0000000100000000)
  eden space 138752K, 0% used [0x00000000e0000000,0x00000000e0000000,0x00000000e8780000)
  from space 32768K, 99% used [0x00000000eb580000,0x00000000ed57aee8,0x00000000ed580000)
  to   space 47104K, 0% used [0x00000000e8780000,0x00000000e8780000,0x00000000eb580000)
 ParOldGen       total 84992K, used 84943K [0x00000000a0000000, 0x00000000a5300000, 0x00000000e0000000)
  object space 84992K, 99% used [0x00000000a0000000,0x00000000a52f3d40,0x00000000a5300000)
 Metaspace       used 86068K, capacity 89730K, committed 89856K, reserved 1126400K
  class space    used 11223K, capacity 11974K, committed 12032K, reserved 1048576K
}
Event: 338.559 GC heap before
{Heap before GC invocations=30 (full 4):
 PSYoungGen      total 171520K, used 32747K [0x00000000e0000000, 0x00000000ef800000, 0x0000000100000000)
  eden space 138752K, 0% used [0x00000000e0000000,0x00000000e0000000,0x00000000e8780000)
  from space 32768K, 99% used [0x00000000eb580000,0x00000000ed57aee8,0x00000000ed580000)
  to   space 47104K, 0% used [0x00000000e8780000,0x00000000e8780000,0x00000000eb580000)
 ParOldGen       total 84992K, used 84943K [0x00000000a0000000, 0x00000000a5300000, 0x00000000e0000000)
  object space 84992K, 99% used [0x00000000a0000000,0x00000000a52f3d40,0x00000000a5300000)
 Metaspace       used 86068K, capacity 89730K, committed 89856K, reserved 1126400K
  class space    used 11223K, capacity 11974K, committed 12032K, reserved 1048576K
Event: 339.243 GC heap after
Heap after GC invocations=30 (full 4):
 PSYoungGen      total 171520K, used 13275K [0x00000000e0000000, 0x00000000ef800000, 0x0000000100000000)
  eden space 138752K, 0% used [0x00000000e0000000,0x00000000e0000000,0x00000000e8780000)
  from space 32768K, 40% used [0x00000000eb580000,0x00000000ec276df0,0x00000000ed580000)
  to   space 47104K, 0% used [0x00000000e8780000,0x00000000e8780000,0x00000000eb580000)
 ParOldGen       total 160256K, used 84816K [0x00000000a0000000, 0x00000000a9c80000, 0x00000000e0000000)
  object space 160256K, 52% used [0x00000000a0000000,0x00000000a52d4380,0x00000000a9c80000)
 Metaspace       used 85825K, capacity 89082K, committed 89856K, reserved 1126400K
  class space    used 11140K, capacity 11828K, committed 12032K, reserved 1048576K
}
Event: 508.866 GC heap before
{Heap before GC invocations=31 (full 4):
 PSYoungGen      total 171520K, used 152027K [0x00000000e0000000, 0x00000000ef800000, 0x0000000100000000)
  eden space 138752K, 100% used [0x00000000e0000000,0x00000000e8780000,0x00000000e8780000)
  from space 32768K, 40% used [0x00000000eb580000,0x00000000ec276df0,0x00000000ed580000)
  to   space 47104K, 0% used [0x00000000e8780000,0x00000000e8780000,0x00000000eb580000)
 ParOldGen       total 160256K, used 84816K [0x00000000a0000000, 0x00000000a9c80000, 0x00000000e0000000)
  object space 160256K, 52% used [0x00000000a0000000,0x00000000a52d4380,0x00000000a9c80000)
 Metaspace       used 89125K, capacity 92730K, committed 92800K, reserved 1130496K
  class space    used 11634K, capacity 12358K, committed 12416K, reserved 1048576K
Event: 508.923 GC heap after
Heap after GC invocations=31 (full 4):
 PSYoungGen      total 185856K, used 28014K [0x00000000e0000000, 0x00000000efd80000, 0x0000000100000000)
  eden space 138752K, 0% used [0x00000000e0000000,0x00000000e0000000,0x00000000e8780000)
  from space 47104K, 59% used [0x00000000e8780000,0x00000000ea2db9b8,0x00000000eb580000)
  to   space 47616K, 0% used [0x00000000ecf00000,0x00000000ecf00000,0x00000000efd80000)
 ParOldGen       total 160256K, used 84840K [0x00000000a0000000, 0x00000000a9c80000, 0x00000000e0000000)
  object space 160256K, 52% used [0x00000000a0000000,0x00000000a52da380,0x00000000a9c80000)
 Metaspace       used 89125K, capacity 92730K, committed 92800K, reserved 1130496K
  class space    used 11634K, capacity 12358K, committed 12416K, reserved 1048576K
}
Event: 532.325 GC heap before
{Heap before GC invocations=32 (full 4):
 PSYoungGen      total 185856K, used 166766K [0x00000000e0000000, 0x00000000efd80000, 0x0000000100000000)
  eden space 138752K, 100% used [0x00000000e0000000,0x00000000e8780000,0x00000000e8780000)
  from space 47104K, 59% used [0x00000000e8780000,0x00000000ea2db9b8,0x00000000eb580000)
  to   space 47616K, 0% used [0x00000000ecf00000,0x00000000ecf00000,0x00000000efd80000)
 ParOldGen       total 160256K, used 84840K [0x00000000a0000000, 0x00000000a9c80000, 0x00000000e0000000)
  object space 160256K, 52% used [0x00000000a0000000,0x00000000a52da380,0x00000000a9c80000)
 Metaspace       used 89345K, capacity 93036K, committed 93184K, reserved 1130496K
  class space    used 11663K, capacity 12431K, committed 12544K, reserved 1048576K
Event: 532.421 GC heap after
Heap after GC invocations=32 (full 4):
 PSYoungGen      total 202752K, used 16972K [0x00000000e0000000, 0x00000000ef680000, 0x0000000100000000)
  eden space 162304K, 0% used [0x00000000e0000000,0x00000000e0000000,0x00000000e9e80000)
  from space 40448K, 41% used [0x00000000ecf00000,0x00000000edf93378,0x00000000ef680000)
  to   space 45056K, 0% used [0x00000000e9e80000,0x00000000e9e80000,0x00000000eca80000)
 ParOldGen       total 160256K, used 98189K [0x00000000a0000000, 0x00000000a9c80000, 0x00000000e0000000)
  object space 160256K, 61% used [0x00000000a0000000,0x00000000a5fe3408,0x00000000a9c80000)
 Metaspace       used 89345K, capacity 93036K, committed 93184K, reserved 1130496K
  class space    used 11663K, capacity 12431K, committed 12544K, reserved 1048576K
}
Event: 805.764 GC heap before
{Heap before GC invocations=33 (full 4):
 PSYoungGen      total 202752K, used 179276K [0x00000000e0000000, 0x00000000ef680000, 0x0000000100000000)
  eden space 162304K, 100% used [0x00000000e0000000,0x00000000e9e80000,0x00000000e9e80000)
  from space 40448K, 41% used [0x00000000ecf00000,0x00000000edf93378,0x00000000ef680000)
  to   space 45056K, 0% used [0x00000000e9e80000,0x00000000e9e80000,0x00000000eca80000)
 ParOldGen       total 160256K, used 98189K [0x00000000a0000000, 0x00000000a9c80000, 0x00000000e0000000)
  object space 160256K, 61% used [0x00000000a0000000,0x00000000a5fe3408,0x00000000a9c80000)
 Metaspace       used 89794K, capacity 93490K, committed 93696K, reserved 1130496K
  class space    used 11682K, capacity 12452K, committed 12544K, reserved 1048576K
Event: 805.831 GC heap after
Heap after GC invocations=33 (full 4):
 PSYoungGen      total 207360K, used 21156K [0x00000000e0000000, 0x00000000f0b00000, 0x0000000100000000)
  eden space 162304K, 0% used [0x00000000e0000000,0x00000000e0000000,0x00000000e9e80000)
  from space 45056K, 46% used [0x00000000e9e80000,0x00000000eb329060,0x00000000eca80000)
  to   space 43520K, 0% used [0x00000000ee080000,0x00000000ee080000,0x00000000f0b00000)
 ParOldGen       total 160256K, used 101802K [0x00000000a0000000, 0x00000000a9c80000, 0x00000000e0000000)
  object space 160256K, 63% used [0x00000000a0000000,0x00000000a636ab30,0x00000000a9c80000)
 Metaspace       used 89794K, capacity 93490K, committed 93696K, reserved 1130496K
  class space    used 11682K, capacity 12452K, committed 12544K, reserved 1048576K
}

