# JRE version: OpenJDK Runtime Environment (8.0_212-b04) (build 1.8.0_212-release-1586-b04)
# Java VM: OpenJDK 64-Bit Server VM (25.212-b04 mixed mode windows-amd64 compressed oops)
Heap:
 PSYoungGen      total 284160K, used 53701K [0x00000000e0000000, 0x00000000f6f80000, 0x0000000100000000)
  eden space 196096K, 13% used [0x00000000e0000000,0x00000000e192eb90,0x00000000ebf80000)
  from space 88064K, 31% used [0x00000000ebf80000,0x00000000edac2ba8,0x00000000f1580000)
  to   space 82944K, 0% used [0x00000000f1e80000,0x00000000f1e80000,0x00000000f6f80000)
 ParOldGen       total 202240K, used 70558K [0x00000000a0000000, 0x00000000ac580000, 0x00000000e0000000)
  object space 202240K, 34% used [0x00000000a0000000,0x00000000a44e7a60,0x00000000ac580000)
 Metaspace       used 98598K, capacity 103416K, committed 103552K, reserved 1138688K
  class space    used 12639K, capacity 13602K, committed 13696K, reserved 1048576K
GC Heap History (10 events):
Event: 613.882 GC heap before
{Heap before GC invocations=36 (full 4):
 PSYoungGen      total 220160K, used 217122K [0x00000000e0000000, 0x00000000f5700000, 0x0000000100000000)
  eden space 149504K, 100% used [0x00000000e0000000,0x00000000e9200000,0x00000000e9200000)
  from space 70656K, 95% used [0x00000000e9200000,0x00000000ed408800,0x00000000ed700000)
  to   space 80896K, 0% used [0x00000000f0800000,0x00000000f0800000,0x00000000f5700000)
 ParOldGen       total 195584K, used 116770K [0x00000000a0000000, 0x00000000abf00000, 0x00000000e0000000)
  object space 195584K, 59% used [0x00000000a0000000,0x00000000a7208aa8,0x00000000abf00000)
 Metaspace       used 96192K, capacity 100748K, committed 100864K, reserved 1136640K
  class space    used 12348K, capacity 13276K, committed 13312K, reserved 1048576K
Event: 614.058 GC heap after
Heap after GC invocations=36 (full 4):
 PSYoungGen      total 261120K, used 70010K [0x00000000e0000000, 0x00000000f6980000, 0x0000000100000000)
  eden space 180224K, 0% used [0x00000000e0000000,0x00000000e0000000,0x00000000eb000000)
  from space 80896K, 86% used [0x00000000f0800000,0x00000000f4c5eae0,0x00000000f5700000)
  to   space 90112K, 0% used [0x00000000eb000000,0x00000000eb000000,0x00000000f0800000)
 ParOldGen       total 195584K, used 130500K [0x00000000a0000000, 0x00000000abf00000, 0x00000000e0000000)
  object space 195584K, 66% used [0x00000000a0000000,0x00000000a7f71248,0x00000000abf00000)
 Metaspace       used 96192K, capacity 100748K, committed 100864K, reserved 1136640K
  class space    used 12348K, capacity 13276K, committed 13312K, reserved 1048576K
}
Event: 619.768 GC heap before
{Heap before GC invocations=37 (full 4):
 PSYoungGen      total 261120K, used 250234K [0x00000000e0000000, 0x00000000f6980000, 0x0000000100000000)
  eden space 180224K, 100% used [0x00000000e0000000,0x00000000eb000000,0x00000000eb000000)
  from space 80896K, 86% used [0x00000000f0800000,0x00000000f4c5eae0,0x00000000f5700000)
  to   space 90112K, 0% used [0x00000000eb000000,0x00000000eb000000,0x00000000f0800000)
 ParOldGen       total 195584K, used 130500K [0x00000000a0000000, 0x00000000abf00000, 0x00000000e0000000)
  object space 195584K, 66% used [0x00000000a0000000,0x00000000a7f71248,0x00000000abf00000)
 Metaspace       used 96386K, capacity 100940K, committed 101120K, reserved 1136640K
  class space    used 12348K, capacity 13276K, committed 13312K, reserved 1048576K
Event: 619.992 GC heap after
Heap after GC invocations=37 (full 4):
 PSYoungGen      total 270336K, used 1728K [0x00000000e0000000, 0x00000000f8780000, 0x0000000100000000)
  eden space 180224K, 0% used [0x00000000e0000000,0x00000000e0000000,0x00000000eb000000)
  from space 90112K, 1% used [0x00000000eb000000,0x00000000eb1b0000,0x00000000f0800000)
  to   space 90624K, 0% used [0x00000000f2f00000,0x00000000f2f00000,0x00000000f8780000)
 ParOldGen       total 195584K, used 178047K [0x00000000a0000000, 0x00000000abf00000, 0x00000000e0000000)
  object space 195584K, 91% used [0x00000000a0000000,0x00000000aaddfe60,0x00000000abf00000)
 Metaspace       used 96386K, capacity 100940K, committed 101120K, reserved 1136640K
  class space    used 12348K, capacity 13276K, committed 13312K, reserved 1048576K
}
Event: 620.082 GC heap before
{Heap before GC invocations=38 (full 5):
 PSYoungGen      total 270336K, used 1728K [0x00000000e0000000, 0x00000000f8780000, 0x0000000100000000)
  eden space 180224K, 0% used [0x00000000e0000000,0x00000000e0000000,0x00000000eb000000)
  from space 90112K, 1% used [0x00000000eb000000,0x00000000eb1b0000,0x00000000f0800000)
  to   space 90624K, 0% used [0x00000000f2f00000,0x00000000f2f00000,0x00000000f8780000)
 ParOldGen       total 195584K, used 178047K [0x00000000a0000000, 0x00000000abf00000, 0x00000000e0000000)
  object space 195584K, 91% used [0x00000000a0000000,0x00000000aaddfe60,0x00000000abf00000)
 Metaspace       used 96386K, capacity 100940K, committed 101120K, reserved 1136640K
  class space    used 12348K, capacity 13276K, committed 13312K, reserved 1048576K
Event: 635.311 GC heap after
Heap after GC invocations=38 (full 5):
 PSYoungGen      total 270336K, used 0K [0x00000000e0000000, 0x00000000f8780000, 0x0000000100000000)
  eden space 180224K, 0% used [0x00000000e0000000,0x00000000e0000000,0x00000000eb000000)
  from space 90112K, 0% used [0x00000000eb000000,0x00000000eb000000,0x00000000f0800000)
  to   space 90624K, 0% used [0x00000000f2f00000,0x00000000f2f00000,0x00000000f8780000)
 ParOldGen       total 202240K, used 70542K [0x00000000a0000000, 0x00000000ac580000, 0x00000000e0000000)
  object space 202240K, 34% used [0x00000000a0000000,0x00000000a44e3a60,0x00000000ac580000)
 Metaspace       used 96369K, capacity 100888K, committed 101120K, reserved 1136640K
  class space    used 12342K, capacity 13266K, committed 13312K, reserved 1048576K
}
Event: 773.144 GC heap before
{Heap before GC invocations=39 (full 5):
 PSYoungGen      total 270336K, used 180224K [0x00000000e0000000, 0x00000000f8780000, 0x0000000100000000)
  eden space 180224K, 100% used [0x00000000e0000000,0x00000000eb000000,0x00000000eb000000)
  from space 90112K, 0% used [0x00000000eb000000,0x00000000eb000000,0x00000000f0800000)
  to   space 90624K, 0% used [0x00000000f2f00000,0x00000000f2f00000,0x00000000f8780000)
 ParOldGen       total 202240K, used 70542K [0x00000000a0000000, 0x00000000ac580000, 0x00000000e0000000)
  object space 202240K, 34% used [0x00000000a0000000,0x00000000a44e3a60,0x00000000ac580000)
 Metaspace       used 98085K, capacity 102762K, committed 102912K, reserved 1138688K
  class space    used 12600K, capacity 13553K, committed 13568K, reserved 1048576K
Event: 773.158 GC heap after
Heap after GC invocations=39 (full 5):
 PSYoungGen      total 258048K, used 12582K [0x00000000e0000000, 0x00000000f6b80000, 0x0000000100000000)
  eden space 196096K, 0% used [0x00000000e0000000,0x00000000e0000000,0x00000000ebf80000)
  from space 61952K, 20% used [0x00000000f2f00000,0x00000000f3b49950,0x00000000f6b80000)
  to   space 88064K, 0% used [0x00000000ebf80000,0x00000000ebf80000,0x00000000f1580000)
 ParOldGen       total 202240K, used 70550K [0x00000000a0000000, 0x00000000ac580000, 0x00000000e0000000)
  object space 202240K, 34% used [0x00000000a0000000,0x00000000a44e5a60,0x00000000ac580000)
 Metaspace       used 98085K, capacity 102762K, committed 102912K, reserved 1138688K
  class space    used 12600K, capacity 13553K, committed 13568K, reserved 1048576K
}
Event: 1413.490 GC heap before
{Heap before GC invocations=40 (full 5):
 PSYoungGen      total 258048K, used 208678K [0x00000000e0000000, 0x00000000f6b80000, 0x0000000100000000)
  eden space 196096K, 100% used [0x00000000e0000000,0x00000000ebf80000,0x00000000ebf80000)
  from space 61952K, 20% used [0x00000000f2f00000,0x00000000f3b49950,0x00000000f6b80000)
  to   space 88064K, 0% used [0x00000000ebf80000,0x00000000ebf80000,0x00000000f1580000)
 ParOldGen       total 202240K, used 70550K [0x00000000a0000000, 0x00000000ac580000, 0x00000000e0000000)
  object space 202240K, 34% used [0x00000000a0000000,0x00000000a44e5a60,0x00000000ac580000)
 Metaspace       used 98538K, capacity 103352K, committed 103552K, reserved 1138688K
  class space    used 12639K, capacity 13602K, committed 13696K, reserved 1048576K
Event: 1413.649 GC heap after
Heap after GC invocations=40 (full 5):
 PSYoungGen      total 284160K, used 27914K [0x00000000e0000000, 0x00000000f6f80000, 0x0000000100000000)
  eden space 196096K, 0% used [0x00000000e0000000,0x00000000e0000000,0x00000000ebf80000)
  from space 88064K, 31% used [0x00000000ebf80000,0x00000000edac2ba8,0x00000000f1580000)
  to   space 82944K, 0% used [0x00000000f1e80000,0x00000000f1e80000,0x00000000f6f80000)
 ParOldGen       total 202240K, used 70558K [0x00000000a0000000, 0x00000000ac580000, 0x00000000e0000000)
  object space 202240K, 34% used [0x00000000a0000000,0x00000000a44e7a60,0x00000000ac580000)
 Metaspace       used 98538K, capacity 103352K, committed 103552K, reserved 1138688K
  class space    used 12639K, capacity 13602K, committed 13696K, reserved 1048576K
}

