# JRE version: OpenJDK Runtime Environment (8.0_212-b04) (build 1.8.0_212-release-1586-b04)
# Java VM: OpenJDK 64-Bit Server VM (25.212-b04 mixed mode windows-amd64 compressed oops)
Heap:
 PSYoungGen      total 422400K, used 411465K [0x00000000e0000000, 0x00000000fc000000, 0x0000000100000000)
  eden space 393216K, 100% used [0x00000000e0000000,0x00000000f8000000,0x00000000f8000000)
  from space 29184K, 62% used [0x00000000fa380000,0x00000000fb552428,0x00000000fc000000)
  to   space 32768K, 0% used [0x00000000f8000000,0x00000000f8000000,0x00000000fa000000)
 ParOldGen       total 168448K, used 111497K [0x00000000a0000000, 0x00000000aa480000, 0x00000000e0000000)
  object space 168448K, 66% used [0x00000000a0000000,0x00000000a6ce25a0,0x00000000aa480000)
 Metaspace       used 130394K, capacity 137142K, committed 137432K, reserved 1169408K
  class space    used 16761K, capacity 18059K, committed 18136K, reserved 1048576K
GC Heap History (10 events):
Event: 3340.640 GC heap before
{Heap before GC invocations=63 (full 5):
 PSYoungGen      total 390656K, used 380436K [0x00000000e0000000, 0x00000000fc380000, 0x0000000100000000)
  eden space 359424K, 100% used [0x00000000e0000000,0x00000000f5f00000,0x00000000f5f00000)
  from space 31232K, 67% used [0x00000000f5f00000,0x00000000f7385340,0x00000000f7d80000)
  to   space 32768K, 0% used [0x00000000fa380000,0x00000000fa380000,0x00000000fc380000)
 ParOldGen       total 168448K, used 85066K [0x00000000a0000000, 0x00000000aa480000, 0x00000000e0000000)
  object space 168448K, 50% used [0x00000000a0000000,0x00000000a53128c8,0x00000000aa480000)
 Metaspace       used 114098K, capacity 119490K, committed 119768K, reserved 1153024K
  class space    used 14679K, capacity 15753K, committed 15832K, reserved 1048576K
Event: 3340.798 GC heap after
Heap after GC invocations=63 (full 5):
 PSYoungGen      total 422400K, used 16979K [0x00000000e0000000, 0x00000000fc000000, 0x0000000100000000)
  eden space 393216K, 0% used [0x00000000e0000000,0x00000000e0000000,0x00000000f8000000)
  from space 29184K, 58% used [0x00000000fa380000,0x00000000fb414f88,0x00000000fc000000)
  to   space 32768K, 0% used [0x00000000f8000000,0x00000000f8000000,0x00000000fa000000)
 ParOldGen       total 168448K, used 98970K [0x00000000a0000000, 0x00000000aa480000, 0x00000000e0000000)
  object space 168448K, 58% used [0x00000000a0000000,0x00000000a60a6be8,0x00000000aa480000)
 Metaspace       used 114098K, capacity 119490K, committed 119768K, reserved 1153024K
  class space    used 14679K, capacity 15753K, committed 15832K, reserved 1048576K
}
Event: 3354.983 GC heap before
{Heap before GC invocations=64 (full 5):
 PSYoungGen      total 422400K, used 410195K [0x00000000e0000000, 0x00000000fc000000, 0x0000000100000000)
  eden space 393216K, 100% used [0x00000000e0000000,0x00000000f8000000,0x00000000f8000000)
  from space 29184K, 58% used [0x00000000fa380000,0x00000000fb414f88,0x00000000fc000000)
  to   space 32768K, 0% used [0x00000000f8000000,0x00000000f8000000,0x00000000fa000000)
 ParOldGen       total 168448K, used 98970K [0x00000000a0000000, 0x00000000aa480000, 0x00000000e0000000)
  object space 168448K, 58% used [0x00000000a0000000,0x00000000a60a6be8,0x00000000aa480000)
 Metaspace       used 128557K, capacity 135050K, committed 135128K, reserved 1167360K
  class space    used 16612K, capacity 17865K, committed 17880K, reserved 1048576K
Event: 3355.050 GC heap after
Heap after GC invocations=64 (full 5):
 PSYoungGen      total 425984K, used 26866K [0x00000000e0000000, 0x00000000fc000000, 0x0000000100000000)
  eden space 393216K, 0% used [0x00000000e0000000,0x00000000e0000000,0x00000000f8000000)
  from space 32768K, 81% used [0x00000000f8000000,0x00000000f9a3c8a8,0x00000000fa000000)
  to   space 29184K, 0% used [0x00000000fa380000,0x00000000fa380000,0x00000000fc000000)
 ParOldGen       total 168448K, used 98986K [0x00000000a0000000, 0x00000000aa480000, 0x00000000e0000000)
  object space 168448K, 58% used [0x00000000a0000000,0x00000000a60aabe8,0x00000000aa480000)
 Metaspace       used 128557K, capacity 135050K, committed 135128K, reserved 1167360K
  class space    used 16612K, capacity 17865K, committed 17880K, reserved 1048576K
}
Event: 3358.543 GC heap before
{Heap before GC invocations=65 (full 5):
 PSYoungGen      total 425984K, used 420082K [0x00000000e0000000, 0x00000000fc000000, 0x0000000100000000)
  eden space 393216K, 100% used [0x00000000e0000000,0x00000000f8000000,0x00000000f8000000)
  from space 32768K, 81% used [0x00000000f8000000,0x00000000f9a3c8a8,0x00000000fa000000)
  to   space 29184K, 0% used [0x00000000fa380000,0x00000000fa380000,0x00000000fc000000)
 ParOldGen       total 168448K, used 98986K [0x00000000a0000000, 0x00000000aa480000, 0x00000000e0000000)
  object space 168448K, 58% used [0x00000000a0000000,0x00000000a60aabe8,0x00000000aa480000)
 Metaspace       used 129606K, capacity 136262K, committed 136536K, reserved 1167360K
  class space    used 16698K, capacity 17965K, committed 18008K, reserved 1048576K
Event: 3358.595 GC heap after
Heap after GC invocations=65 (full 5):
 PSYoungGen      total 422400K, used 22857K [0x00000000e0000000, 0x00000000fc000000, 0x0000000100000000)
  eden space 393216K, 0% used [0x00000000e0000000,0x00000000e0000000,0x00000000f8000000)
  from space 29184K, 78% used [0x00000000fa380000,0x00000000fb9d2420,0x00000000fc000000)
  to   space 32768K, 0% used [0x00000000f8000000,0x00000000f8000000,0x00000000fa000000)
 ParOldGen       total 168448K, used 98994K [0x00000000a0000000, 0x00000000aa480000, 0x00000000e0000000)
  object space 168448K, 58% used [0x00000000a0000000,0x00000000a60acbe8,0x00000000aa480000)
 Metaspace       used 129606K, capacity 136262K, committed 136536K, reserved 1167360K
  class space    used 16698K, capacity 17965K, committed 18008K, reserved 1048576K
}
Event: 3360.810 GC heap before
{Heap before GC invocations=66 (full 5):
 PSYoungGen      total 422400K, used 416073K [0x00000000e0000000, 0x00000000fc000000, 0x0000000100000000)
  eden space 393216K, 100% used [0x00000000e0000000,0x00000000f8000000,0x00000000f8000000)
  from space 29184K, 78% used [0x00000000fa380000,0x00000000fb9d2420,0x00000000fc000000)
  to   space 32768K, 0% used [0x00000000f8000000,0x00000000f8000000,0x00000000fa000000)
 ParOldGen       total 168448K, used 98994K [0x00000000a0000000, 0x00000000aa480000, 0x00000000e0000000)
  object space 168448K, 58% used [0x00000000a0000000,0x00000000a60acbe8,0x00000000aa480000)
 Metaspace       used 129759K, capacity 136446K, committed 136536K, reserved 1167360K
  class space    used 16705K, capacity 18001K, committed 18008K, reserved 1048576K
Event: 3360.996 GC heap after
Heap after GC invocations=66 (full 5):
 PSYoungGen      total 425984K, used 14484K [0x00000000e0000000, 0x00000000fc000000, 0x0000000100000000)
  eden space 393216K, 0% used [0x00000000e0000000,0x00000000e0000000,0x00000000f8000000)
  from space 32768K, 44% used [0x00000000f8000000,0x00000000f8e25350,0x00000000fa000000)
  to   space 29184K, 0% used [0x00000000fa380000,0x00000000fa380000,0x00000000fc000000)
 ParOldGen       total 168448K, used 106182K [0x00000000a0000000, 0x00000000aa480000, 0x00000000e0000000)
  object space 168448K, 63% used [0x00000000a0000000,0x00000000a67b1ac8,0x00000000aa480000)
 Metaspace       used 129759K, capacity 136446K, committed 136536K, reserved 1167360K
  class space    used 16705K, capacity 18001K, committed 18008K, reserved 1048576K
}
Event: 3363.249 GC heap before
{Heap before GC invocations=67 (full 5):
 PSYoungGen      total 425984K, used 407700K [0x00000000e0000000, 0x00000000fc000000, 0x0000000100000000)
  eden space 393216K, 100% used [0x00000000e0000000,0x00000000f8000000,0x00000000f8000000)
  from space 32768K, 44% used [0x00000000f8000000,0x00000000f8e25350,0x00000000fa000000)
  to   space 29184K, 0% used [0x00000000fa380000,0x00000000fa380000,0x00000000fc000000)
 ParOldGen       total 168448K, used 106182K [0x00000000a0000000, 0x00000000aa480000, 0x00000000e0000000)
  object space 168448K, 63% used [0x00000000a0000000,0x00000000a67b1ac8,0x00000000aa480000)
 Metaspace       used 129981K, capacity 136632K, committed 136920K, reserved 1167360K
  class space    used 16722K, capacity 18010K, committed 18136K, reserved 1048576K
Event: 3363.291 GC heap after
Heap after GC invocations=67 (full 5):
 PSYoungGen      total 422400K, used 18249K [0x00000000e0000000, 0x00000000fc000000, 0x0000000100000000)
  eden space 393216K, 0% used [0x00000000e0000000,0x00000000e0000000,0x00000000f8000000)
  from space 29184K, 62% used [0x00000000fa380000,0x00000000fb552428,0x00000000fc000000)
  to   space 32768K, 0% used [0x00000000f8000000,0x00000000f8000000,0x00000000fa000000)
 ParOldGen       total 168448K, used 111497K [0x00000000a0000000, 0x00000000aa480000, 0x00000000e0000000)
  object space 168448K, 66% used [0x00000000a0000000,0x00000000a6ce25a0,0x00000000aa480000)
 Metaspace       used 129981K, capacity 136632K, committed 136920K, reserved 1167360K
  class space    used 16722K, capacity 18010K, committed 18136K, reserved 1048576K
}

