# JRE version: OpenJDK Runtime Environment (8.0_212-b04) (build 1.8.0_212-release-1586-b04)
# Java VM: OpenJDK 64-Bit Server VM (25.212-b04 mixed mode windows-amd64 compressed oops)
Heap:
 PSYoungGen      total 295424K, used 94944K [0x00000000e0000000, 0x00000000f3f00000, 0x0000000100000000)
  eden space 267264K, 30% used [0x00000000e0000000,0x00000000e50ba040,0x00000000f0500000)
  from space 28160K, 43% used [0x00000000f2380000,0x00000000f2f7e148,0x00000000f3f00000)
  to   space 29696K, 0% used [0x00000000f0500000,0x00000000f0500000,0x00000000f2200000)
 ParOldGen       total 157184K, used 79983K [0x00000000a0000000, 0x00000000a9980000, 0x00000000e0000000)
  object space 157184K, 50% used [0x00000000a0000000,0x00000000a4e1be78,0x00000000a9980000)
 Metaspace       used 82347K, capacity 85834K, committed 86488K, reserved 1124352K
  class space    used 10853K, capacity 11564K, committed 11736K, reserved 1048576K
GC Heap History (10 events):
Event: 230.224 GC heap before
{Heap before GC invocations=32 (full 4):
 PSYoungGen      total 207872K, used 175456K [0x00000000e0000000, 0x00000000f0200000, 0x0000000100000000)
  eden space 170496K, 100% used [0x00000000e0000000,0x00000000ea680000,0x00000000ea680000)
  from space 37376K, 13% used [0x00000000ea680000,0x00000000eab58000,0x00000000ecb00000)
  to   space 35840K, 0% used [0x00000000edf00000,0x00000000edf00000,0x00000000f0200000)
 ParOldGen       total 157184K, used 76067K [0x00000000a0000000, 0x00000000a9980000, 0x00000000e0000000)
  object space 157184K, 48% used [0x00000000a0000000,0x00000000a4a48e68,0x00000000a9980000)
 Metaspace       used 81519K, capacity 84934K, committed 85720K, reserved 1124352K
  class space    used 10794K, capacity 11484K, committed 11736K, reserved 1048576K
Event: 230.244 GC heap after
Heap after GC invocations=32 (full 4):
 PSYoungGen      total 229376K, used 6848K [0x00000000e0000000, 0x00000000f0180000, 0x0000000100000000)
  eden space 194048K, 0% used [0x00000000e0000000,0x00000000e0000000,0x00000000ebd80000)
  from space 35328K, 19% used [0x00000000edf00000,0x00000000ee5b0000,0x00000000f0180000)
  to   space 34304K, 0% used [0x00000000ebd80000,0x00000000ebd80000,0x00000000edf00000)
 ParOldGen       total 157184K, used 76075K [0x00000000a0000000, 0x00000000a9980000, 0x00000000e0000000)
  object space 157184K, 48% used [0x00000000a0000000,0x00000000a4a4ae68,0x00000000a9980000)
 Metaspace       used 81519K, capacity 84934K, committed 85720K, reserved 1124352K
  class space    used 10794K, capacity 11484K, committed 11736K, reserved 1048576K
}
Event: 231.845 GC heap before
{Heap before GC invocations=33 (full 4):
 PSYoungGen      total 229376K, used 200896K [0x00000000e0000000, 0x00000000f0180000, 0x0000000100000000)
  eden space 194048K, 100% used [0x00000000e0000000,0x00000000ebd80000,0x00000000ebd80000)
  from space 35328K, 19% used [0x00000000edf00000,0x00000000ee5b0000,0x00000000f0180000)
  to   space 34304K, 0% used [0x00000000ebd80000,0x00000000ebd80000,0x00000000edf00000)
 ParOldGen       total 157184K, used 76075K [0x00000000a0000000, 0x00000000a9980000, 0x00000000e0000000)
  object space 157184K, 48% used [0x00000000a0000000,0x00000000a4a4ae68,0x00000000a9980000)
 Metaspace       used 81535K, capacity 84934K, committed 85720K, reserved 1124352K
  class space    used 10794K, capacity 11484K, committed 11736K, reserved 1048576K
Event: 231.870 GC heap after
Heap after GC invocations=33 (full 4):
 PSYoungGen      total 228352K, used 8928K [0x00000000e0000000, 0x00000000f1900000, 0x0000000100000000)
  eden space 194048K, 0% used [0x00000000e0000000,0x00000000e0000000,0x00000000ebd80000)
  from space 34304K, 26% used [0x00000000ebd80000,0x00000000ec638000,0x00000000edf00000)
  to   space 32768K, 0% used [0x00000000ef900000,0x00000000ef900000,0x00000000f1900000)
 ParOldGen       total 157184K, used 76075K [0x00000000a0000000, 0x00000000a9980000, 0x00000000e0000000)
  object space 157184K, 48% used [0x00000000a0000000,0x00000000a4a4ae68,0x00000000a9980000)
 Metaspace       used 81535K, capacity 84934K, committed 85720K, reserved 1124352K
  class space    used 10794K, capacity 11484K, committed 11736K, reserved 1048576K
}
Event: 233.161 GC heap before
{Heap before GC invocations=34 (full 4):
 PSYoungGen      total 228352K, used 202976K [0x00000000e0000000, 0x00000000f1900000, 0x0000000100000000)
  eden space 194048K, 100% used [0x00000000e0000000,0x00000000ebd80000,0x00000000ebd80000)
  from space 34304K, 26% used [0x00000000ebd80000,0x00000000ec638000,0x00000000edf00000)
  to   space 32768K, 0% used [0x00000000ef900000,0x00000000ef900000,0x00000000f1900000)
 ParOldGen       total 157184K, used 76075K [0x00000000a0000000, 0x00000000a9980000, 0x00000000e0000000)
  object space 157184K, 48% used [0x00000000a0000000,0x00000000a4a4ae68,0x00000000a9980000)
 Metaspace       used 81979K, capacity 85420K, committed 86232K, reserved 1124352K
  class space    used 10830K, capacity 11523K, committed 11736K, reserved 1048576K
Event: 233.219 GC heap after
Heap after GC invocations=34 (full 4):
 PSYoungGen      total 256000K, used 15132K [0x00000000e0000000, 0x00000000f1d00000, 0x0000000100000000)
  eden space 223232K, 0% used [0x00000000e0000000,0x00000000e0000000,0x00000000eda00000)
  from space 32768K, 46% used [0x00000000ef900000,0x00000000f07c7358,0x00000000f1900000)
  to   space 31744K, 0% used [0x00000000eda00000,0x00000000eda00000,0x00000000ef900000)
 ParOldGen       total 157184K, used 76075K [0x00000000a0000000, 0x00000000a9980000, 0x00000000e0000000)
  object space 157184K, 48% used [0x00000000a0000000,0x00000000a4a4ae68,0x00000000a9980000)
 Metaspace       used 81979K, capacity 85420K, committed 86232K, reserved 1124352K
  class space    used 10830K, capacity 11523K, committed 11736K, reserved 1048576K
}
Event: 234.841 GC heap before
{Heap before GC invocations=35 (full 4):
 PSYoungGen      total 256000K, used 238364K [0x00000000e0000000, 0x00000000f1d00000, 0x0000000100000000)
  eden space 223232K, 100% used [0x00000000e0000000,0x00000000eda00000,0x00000000eda00000)
  from space 32768K, 46% used [0x00000000ef900000,0x00000000f07c7358,0x00000000f1900000)
  to   space 31744K, 0% used [0x00000000eda00000,0x00000000eda00000,0x00000000ef900000)
 ParOldGen       total 157184K, used 76075K [0x00000000a0000000, 0x00000000a9980000, 0x00000000e0000000)
  object space 157184K, 48% used [0x00000000a0000000,0x00000000a4a4ae68,0x00000000a9980000)
 Metaspace       used 82118K, capacity 85586K, committed 86232K, reserved 1124352K
  class space    used 10837K, capacity 11528K, committed 11736K, reserved 1048576K
Event: 234.921 GC heap after
Heap after GC invocations=35 (full 4):
 PSYoungGen      total 254976K, used 16414K [0x00000000e0000000, 0x00000000f4280000, 0x0000000100000000)
  eden space 223232K, 0% used [0x00000000e0000000,0x00000000e0000000,0x00000000eda00000)
  from space 31744K, 51% used [0x00000000eda00000,0x00000000eea07b00,0x00000000ef900000)
  to   space 31744K, 0% used [0x00000000f2380000,0x00000000f2380000,0x00000000f4280000)
 ParOldGen       total 157184K, used 77067K [0x00000000a0000000, 0x00000000a9980000, 0x00000000e0000000)
  object space 157184K, 49% used [0x00000000a0000000,0x00000000a4b42e68,0x00000000a9980000)
 Metaspace       used 82118K, capacity 85586K, committed 86232K, reserved 1124352K
  class space    used 10837K, capacity 11528K, committed 11736K, reserved 1048576K
}
Event: 236.316 GC heap before
{Heap before GC invocations=36 (full 4):
 PSYoungGen      total 254976K, used 239646K [0x00000000e0000000, 0x00000000f4280000, 0x0000000100000000)
  eden space 223232K, 100% used [0x00000000e0000000,0x00000000eda00000,0x00000000eda00000)
  from space 31744K, 51% used [0x00000000eda00000,0x00000000eea07b00,0x00000000ef900000)
  to   space 31744K, 0% used [0x00000000f2380000,0x00000000f2380000,0x00000000f4280000)
 ParOldGen       total 157184K, used 77067K [0x00000000a0000000, 0x00000000a9980000, 0x00000000e0000000)
  object space 157184K, 49% used [0x00000000a0000000,0x00000000a4b42e68,0x00000000a9980000)
 Metaspace       used 82219K, capacity 85654K, committed 86232K, reserved 1124352K
  class space    used 10838K, capacity 11528K, committed 11736K, reserved 1048576K
Event: 236.359 GC heap after
Heap after GC invocations=36 (full 4):
 PSYoungGen      total 295424K, used 12280K [0x00000000e0000000, 0x00000000f3f00000, 0x0000000100000000)
  eden space 267264K, 0% used [0x00000000e0000000,0x00000000e0000000,0x00000000f0500000)
  from space 28160K, 43% used [0x00000000f2380000,0x00000000f2f7e148,0x00000000f3f00000)
  to   space 29696K, 0% used [0x00000000f0500000,0x00000000f0500000,0x00000000f2200000)
 ParOldGen       total 157184K, used 79983K [0x00000000a0000000, 0x00000000a9980000, 0x00000000e0000000)
  object space 157184K, 50% used [0x00000000a0000000,0x00000000a4e1be78,0x00000000a9980000)
 Metaspace       used 82219K, capacity 85654K, committed 86232K, reserved 1124352K
  class space    used 10838K, capacity 11528K, committed 11736K, reserved 1048576K
}

