# JRE version: OpenJDK Runtime Environment (8.0_212-b04) (build 1.8.0_212-release-1586-b04)
# Java VM: OpenJDK 64-Bit Server VM (25.212-b04 mixed mode windows-amd64 compressed oops)
Heap:
 PSYoungGen      total 291840K, used 248316K [0x00000000e0000000, 0x00000000f3400000, 0x0000000100000000)
  eden space 268288K, 84% used [0x00000000e0000000,0x00000000edc5e790,0x00000000f0600000)
  from space 23552K, 96% used [0x00000000f0600000,0x00000000f1c20a50,0x00000000f1d00000)
  to   space 19968K, 0% used [0x00000000f2080000,0x00000000f2080000,0x00000000f3400000)
 ParOldGen       total 127488K, used 67758K [0x00000000a0000000, 0x00000000a7c80000, 0x00000000e0000000)
  object space 127488K, 53% used [0x00000000a0000000,0x00000000a422ba48,0x00000000a7c80000)
 Metaspace       used 95990K, capacity 100956K, committed 101120K, reserved 1136640K
  class space    used 12459K, capacity 13452K, committed 13568K, reserved 1048576K
GC Heap History (10 events):
Event: 1859.325 GC heap before
{Heap before GC invocations=27 (full 4):
 PSYoungGen      total 245248K, used 11186K [0x00000000e0000000, 0x00000000f2600000, 0x0000000100000000)
  eden space 219648K, 0% used [0x00000000e0000000,0x00000000e0000000,0x00000000ed680000)
  from space 25600K, 43% used [0x00000000ed680000,0x00000000ee16c908,0x00000000eef80000)
  to   space 24576K, 0% used [0x00000000f0e00000,0x00000000f0e00000,0x00000000f2600000)
 ParOldGen       total 72192K, used 69998K [0x00000000a0000000, 0x00000000a4680000, 0x00000000e0000000)
  object space 72192K, 96% used [0x00000000a0000000,0x00000000a445ba28,0x00000000a4680000)
 Metaspace       used 93752K, capacity 98448K, committed 98496K, reserved 1134592K
  class space    used 12330K, capacity 13296K, committed 13312K, reserved 1048576K
Event: 1859.669 GC heap after
Heap after GC invocations=27 (full 4):
 PSYoungGen      total 245248K, used 0K [0x00000000e0000000, 0x00000000f2600000, 0x0000000100000000)
  eden space 219648K, 0% used [0x00000000e0000000,0x00000000e0000000,0x00000000ed680000)
  from space 25600K, 0% used [0x00000000ed680000,0x00000000ed680000,0x00000000eef80000)
  to   space 24576K, 0% used [0x00000000f0e00000,0x00000000f0e00000,0x00000000f2600000)
 ParOldGen       total 127488K, used 67726K [0x00000000a0000000, 0x00000000a7c80000, 0x00000000e0000000)
  object space 127488K, 53% used [0x00000000a0000000,0x00000000a4223a48,0x00000000a7c80000)
 Metaspace       used 93446K, capacity 97618K, committed 98496K, reserved 1134592K
  class space    used 12226K, capacity 13113K, committed 13312K, reserved 1048576K
}
Event: 1945.750 GC heap before
{Heap before GC invocations=28 (full 4):
 PSYoungGen      total 245248K, used 219648K [0x00000000e0000000, 0x00000000f2600000, 0x0000000100000000)
  eden space 219648K, 100% used [0x00000000e0000000,0x00000000ed680000,0x00000000ed680000)
  from space 25600K, 0% used [0x00000000ed680000,0x00000000ed680000,0x00000000eef80000)
  to   space 24576K, 0% used [0x00000000f0e00000,0x00000000f0e00000,0x00000000f2600000)
 ParOldGen       total 127488K, used 67726K [0x00000000a0000000, 0x00000000a7c80000, 0x00000000e0000000)
  object space 127488K, 53% used [0x00000000a0000000,0x00000000a4223a48,0x00000000a7c80000)
 Metaspace       used 94482K, capacity 98808K, committed 99392K, reserved 1134592K
  class space    used 12348K, capacity 13250K, committed 13440K, reserved 1048576K
Event: 1945.768 GC heap after
Heap after GC invocations=28 (full 4):
 PSYoungGen      total 271360K, used 8511K [0x00000000e0000000, 0x00000000f2280000, 0x0000000100000000)
  eden space 250368K, 0% used [0x00000000e0000000,0x00000000e0000000,0x00000000ef480000)
  from space 20992K, 40% used [0x00000000f0e00000,0x00000000f164fdd0,0x00000000f2280000)
  to   space 23552K, 0% used [0x00000000ef480000,0x00000000ef480000,0x00000000f0b80000)
 ParOldGen       total 127488K, used 67734K [0x00000000a0000000, 0x00000000a7c80000, 0x00000000e0000000)
  object space 127488K, 53% used [0x00000000a0000000,0x00000000a4225a48,0x00000000a7c80000)
 Metaspace       used 94482K, capacity 98808K, committed 99392K, reserved 1134592K
  class space    used 12348K, capacity 13250K, committed 13440K, reserved 1048576K
}
Event: 2067.073 GC heap before
{Heap before GC invocations=29 (full 4):
 PSYoungGen      total 271360K, used 258879K [0x00000000e0000000, 0x00000000f2280000, 0x0000000100000000)
  eden space 250368K, 100% used [0x00000000e0000000,0x00000000ef480000,0x00000000ef480000)
  from space 20992K, 40% used [0x00000000f0e00000,0x00000000f164fdd0,0x00000000f2280000)
  to   space 23552K, 0% used [0x00000000ef480000,0x00000000ef480000,0x00000000f0b80000)
 ParOldGen       total 127488K, used 67734K [0x00000000a0000000, 0x00000000a7c80000, 0x00000000e0000000)
  object space 127488K, 53% used [0x00000000a0000000,0x00000000a4225a48,0x00000000a7c80000)
 Metaspace       used 95047K, capacity 99702K, committed 99968K, reserved 1136640K
  class space    used 12386K, capacity 13321K, committed 13440K, reserved 1048576K
Event: 2067.093 GC heap after
Heap after GC invocations=29 (full 4):
 PSYoungGen      total 273920K, used 11784K [0x00000000e0000000, 0x00000000f3700000, 0x0000000100000000)
  eden space 250368K, 0% used [0x00000000e0000000,0x00000000e0000000,0x00000000ef480000)
  from space 23552K, 50% used [0x00000000ef480000,0x00000000f00022b8,0x00000000f0b80000)
  to   space 23040K, 0% used [0x00000000f2080000,0x00000000f2080000,0x00000000f3700000)
 ParOldGen       total 127488K, used 67742K [0x00000000a0000000, 0x00000000a7c80000, 0x00000000e0000000)
  object space 127488K, 53% used [0x00000000a0000000,0x00000000a4227a48,0x00000000a7c80000)
 Metaspace       used 95047K, capacity 99702K, committed 99968K, reserved 1136640K
  class space    used 12386K, capacity 13321K, committed 13440K, reserved 1048576K
}
Event: 2181.188 GC heap before
{Heap before GC invocations=30 (full 4):
 PSYoungGen      total 273920K, used 262152K [0x00000000e0000000, 0x00000000f3700000, 0x0000000100000000)
  eden space 250368K, 100% used [0x00000000e0000000,0x00000000ef480000,0x00000000ef480000)
  from space 23552K, 50% used [0x00000000ef480000,0x00000000f00022b8,0x00000000f0b80000)
  to   space 23040K, 0% used [0x00000000f2080000,0x00000000f2080000,0x00000000f3700000)
 ParOldGen       total 127488K, used 67742K [0x00000000a0000000, 0x00000000a7c80000, 0x00000000e0000000)
  object space 127488K, 53% used [0x00000000a0000000,0x00000000a4227a48,0x00000000a7c80000)
 Metaspace       used 95383K, capacity 100110K, committed 100224K, reserved 1136640K
  class space    used 12406K, capacity 13355K, committed 13440K, reserved 1048576K
Event: 2181.217 GC heap after
Heap after GC invocations=30 (full 4):
 PSYoungGen      total 288256K, used 14865K [0x00000000e0000000, 0x00000000f3400000, 0x0000000100000000)
  eden space 268288K, 0% used [0x00000000e0000000,0x00000000e0000000,0x00000000f0600000)
  from space 19968K, 74% used [0x00000000f2080000,0x00000000f2f04510,0x00000000f3400000)
  to   space 23552K, 0% used [0x00000000f0600000,0x00000000f0600000,0x00000000f1d00000)
 ParOldGen       total 127488K, used 67750K [0x00000000a0000000, 0x00000000a7c80000, 0x00000000e0000000)
  object space 127488K, 53% used [0x00000000a0000000,0x00000000a4229a48,0x00000000a7c80000)
 Metaspace       used 95383K, capacity 100110K, committed 100224K, reserved 1136640K
  class space    used 12406K, capacity 13355K, committed 13440K, reserved 1048576K
}
Event: 2465.154 GC heap before
{Heap before GC invocations=31 (full 4):
 PSYoungGen      total 288256K, used 283153K [0x00000000e0000000, 0x00000000f3400000, 0x0000000100000000)
  eden space 268288K, 100% used [0x00000000e0000000,0x00000000f0600000,0x00000000f0600000)
  from space 19968K, 74% used [0x00000000f2080000,0x00000000f2f04510,0x00000000f3400000)
  to   space 23552K, 0% used [0x00000000f0600000,0x00000000f0600000,0x00000000f1d00000)
 ParOldGen       total 127488K, used 67750K [0x00000000a0000000, 0x00000000a7c80000, 0x00000000e0000000)
  object space 127488K, 53% used [0x00000000a0000000,0x00000000a4229a48,0x00000000a7c80000)
 Metaspace       used 95638K, capacity 100452K, committed 100736K, reserved 1136640K
  class space    used 12425K, capacity 13390K, committed 13440K, reserved 1048576K
Event: 2465.663 GC heap after
Heap after GC invocations=31 (full 4):
 PSYoungGen      total 291840K, used 22658K [0x00000000e0000000, 0x00000000f3400000, 0x0000000100000000)
  eden space 268288K, 0% used [0x00000000e0000000,0x00000000e0000000,0x00000000f0600000)
  from space 23552K, 96% used [0x00000000f0600000,0x00000000f1c20a50,0x00000000f1d00000)
  to   space 19968K, 0% used [0x00000000f2080000,0x00000000f2080000,0x00000000f3400000)
 ParOldGen       total 127488K, used 67758K [0x00000000a0000000, 0x00000000a7c80000, 0x00000000e0000000)
  object space 127488K, 53% used [0x00000000a0000000,0x00000000a422ba48,0x00000000a7c80000)
 Metaspace       used 95638K, capacity 100452K, committed 100736K, reserved 1136640K
  class space    used 12425K, capacity 13390K, committed 13440K, reserved 1048576K
}

