# JRE version: OpenJDK Runtime Environment (8.0_212-b04) (build 1.8.0_212-release-1586-b04)
# Java VM: OpenJDK 64-Bit Server VM (25.212-b04 mixed mode windows-amd64 compressed oops)
Heap:
 PSYoungGen      total 252416K, used 171506K [0x00000000e0000000, 0x00000000f5000000, 0x0000000100000000)
  eden space 174592K, 83% used [0x00000000e0000000,0x00000000e8e68ab0,0x00000000eaa80000)
  from space 77824K, 32% used [0x00000000eaa80000,0x00000000ec3940b0,0x00000000ef680000)
  to   space 74752K, 0% used [0x00000000f0700000,0x00000000f0700000,0x00000000f5000000)
 ParOldGen       total 248320K, used 196900K [0x00000000a0000000, 0x00000000af280000, 0x00000000e0000000)
  object space 248320K, 79% used [0x00000000a0000000,0x00000000ac0493a0,0x00000000af280000)
 Metaspace       used 93565K, capacity 97464K, committed 97664K, reserved 1134592K
  class space    used 11849K, capacity 12611K, committed 12672K, reserved 1048576K
GC Heap History (10 events):
Event: 2425.109 GC heap before
{Heap before GC invocations=46 (full 5):
 PSYoungGen      total 197120K, used 179938K [0x00000000e0000000, 0x00000000ef780000, 0x0000000100000000)
  eden space 145920K, 100% used [0x00000000e0000000,0x00000000e8e80000,0x00000000e8e80000)
  from space 51200K, 66% used [0x00000000ec280000,0x00000000ee3b8b00,0x00000000ef480000)
  to   space 53248K, 0% used [0x00000000e8e80000,0x00000000e8e80000,0x00000000ec280000)
 ParOldGen       total 248320K, used 142359K [0x00000000a0000000, 0x00000000af280000, 0x00000000e0000000)
  object space 248320K, 57% used [0x00000000a0000000,0x00000000a8b05e18,0x00000000af280000)
 Metaspace       used 89209K, capacity 92686K, committed 92928K, reserved 1130496K
  class space    used 11476K, capacity 12182K, committed 12288K, reserved 1048576K
Event: 2425.311 GC heap after
Heap after GC invocations=46 (full 5):
 PSYoungGen      total 199168K, used 53231K [0x00000000e0000000, 0x00000000f3100000, 0x0000000100000000)
  eden space 145920K, 0% used [0x00000000e0000000,0x00000000e0000000,0x00000000e8e80000)
  from space 53248K, 99% used [0x00000000e8e80000,0x00000000ec27bdd0,0x00000000ec280000)
  to   space 72704K, 0% used [0x00000000eea00000,0x00000000eea00000,0x00000000f3100000)
 ParOldGen       total 248320K, used 171236K [0x00000000a0000000, 0x00000000af280000, 0x00000000e0000000)
  object space 248320K, 68% used [0x00000000a0000000,0x00000000aa7391e8,0x00000000af280000)
 Metaspace       used 89209K, capacity 92686K, committed 92928K, reserved 1130496K
  class space    used 11476K, capacity 12182K, committed 12288K, reserved 1048576K
}
Event: 2426.894 GC heap before
{Heap before GC invocations=47 (full 5):
 PSYoungGen      total 199168K, used 191140K [0x00000000e0000000, 0x00000000f3100000, 0x0000000100000000)
  eden space 145920K, 94% used [0x00000000e0000000,0x00000000e86ad2f0,0x00000000e8e80000)
  from space 53248K, 99% used [0x00000000e8e80000,0x00000000ec27bdd0,0x00000000ec280000)
  to   space 72704K, 0% used [0x00000000eea00000,0x00000000eea00000,0x00000000f3100000)
 ParOldGen       total 248320K, used 171236K [0x00000000a0000000, 0x00000000af280000, 0x00000000e0000000)
  object space 248320K, 68% used [0x00000000a0000000,0x00000000aa7391e8,0x00000000af280000)
 Metaspace       used 89215K, capacity 92686K, committed 92928K, reserved 1130496K
  class space    used 11476K, capacity 12182K, committed 12288K, reserved 1048576K
Event: 2427.026 GC heap after
Heap after GC invocations=47 (full 5):
 PSYoungGen      total 228352K, used 70172K [0x00000000e0000000, 0x00000000f4800000, 0x0000000100000000)
  eden space 155648K, 0% used [0x00000000e0000000,0x00000000e0000000,0x00000000e9800000)
  from space 72704K, 96% used [0x00000000eea00000,0x00000000f2e87190,0x00000000f3100000)
  to   space 83968K, 0% used [0x00000000e9800000,0x00000000e9800000,0x00000000eea00000)
 ParOldGen       total 248320K, used 172441K [0x00000000a0000000, 0x00000000af280000, 0x00000000e0000000)
  object space 248320K, 69% used [0x00000000a0000000,0x00000000aa866598,0x00000000af280000)
 Metaspace       used 89215K, capacity 92686K, committed 92928K, reserved 1130496K
  class space    used 11476K, capacity 12182K, committed 12288K, reserved 1048576K
}
Event: 2574.100 GC heap before
{Heap before GC invocations=48 (full 5):
 PSYoungGen      total 228352K, used 225820K [0x00000000e0000000, 0x00000000f4800000, 0x0000000100000000)
  eden space 155648K, 100% used [0x00000000e0000000,0x00000000e9800000,0x00000000e9800000)
  from space 72704K, 96% used [0x00000000eea00000,0x00000000f2e87190,0x00000000f3100000)
  to   space 83968K, 0% used [0x00000000e9800000,0x00000000e9800000,0x00000000eea00000)
 ParOldGen       total 248320K, used 172441K [0x00000000a0000000, 0x00000000af280000, 0x00000000e0000000)
  object space 248320K, 69% used [0x00000000a0000000,0x00000000aa866598,0x00000000af280000)
 Metaspace       used 89775K, capacity 93492K, committed 93696K, reserved 1130496K
  class space    used 11532K, capacity 12279K, committed 12288K, reserved 1048576K
Event: 2574.196 GC heap after
Heap after GC invocations=48 (full 5):
 PSYoungGen      total 239616K, used 37925K [0x00000000e0000000, 0x00000000f4b00000, 0x0000000100000000)
  eden space 155648K, 0% used [0x00000000e0000000,0x00000000e0000000,0x00000000e9800000)
  from space 83968K, 45% used [0x00000000e9800000,0x00000000ebd094d0,0x00000000eea00000)
  to   space 80896K, 0% used [0x00000000efc00000,0x00000000efc00000,0x00000000f4b00000)
 ParOldGen       total 248320K, used 174741K [0x00000000a0000000, 0x00000000af280000, 0x00000000e0000000)
  object space 248320K, 70% used [0x00000000a0000000,0x00000000aaaa5770,0x00000000af280000)
 Metaspace       used 89775K, capacity 93492K, committed 93696K, reserved 1130496K
  class space    used 11532K, capacity 12279K, committed 12288K, reserved 1048576K
}
Event: 2663.630 GC heap before
{Heap before GC invocations=49 (full 5):
 PSYoungGen      total 239616K, used 193573K [0x00000000e0000000, 0x00000000f4b00000, 0x0000000100000000)
  eden space 155648K, 100% used [0x00000000e0000000,0x00000000e9800000,0x00000000e9800000)
  from space 83968K, 45% used [0x00000000e9800000,0x00000000ebd094d0,0x00000000eea00000)
  to   space 80896K, 0% used [0x00000000efc00000,0x00000000efc00000,0x00000000f4b00000)
 ParOldGen       total 248320K, used 174741K [0x00000000a0000000, 0x00000000af280000, 0x00000000e0000000)
  object space 248320K, 70% used [0x00000000a0000000,0x00000000aaaa5770,0x00000000af280000)
 Metaspace       used 90282K, capacity 94028K, committed 94336K, reserved 1130496K
  class space    used 11564K, capacity 12313K, committed 12416K, reserved 1048576K
Event: 2663.691 GC heap after
Heap after GC invocations=49 (full 5):
 PSYoungGen      total 246784K, used 37045K [0x00000000e0000000, 0x00000000f4280000, 0x0000000100000000)
  eden space 174592K, 0% used [0x00000000e0000000,0x00000000e0000000,0x00000000eaa80000)
  from space 72192K, 51% used [0x00000000efc00000,0x00000000f202d4c0,0x00000000f4280000)
  to   space 77824K, 0% used [0x00000000eaa80000,0x00000000eaa80000,0x00000000ef680000)
 ParOldGen       total 248320K, used 175105K [0x00000000a0000000, 0x00000000af280000, 0x00000000e0000000)
  object space 248320K, 70% used [0x00000000a0000000,0x00000000aab004a8,0x00000000af280000)
 Metaspace       used 90282K, capacity 94028K, committed 94336K, reserved 1130496K
  class space    used 11564K, capacity 12313K, committed 12416K, reserved 1048576K
}
Event: 2672.667 GC heap before
{Heap before GC invocations=50 (full 5):
 PSYoungGen      total 246784K, used 211637K [0x00000000e0000000, 0x00000000f4280000, 0x0000000100000000)
  eden space 174592K, 100% used [0x00000000e0000000,0x00000000eaa80000,0x00000000eaa80000)
  from space 72192K, 51% used [0x00000000efc00000,0x00000000f202d4c0,0x00000000f4280000)
  to   space 77824K, 0% used [0x00000000eaa80000,0x00000000eaa80000,0x00000000ef680000)
 ParOldGen       total 248320K, used 175105K [0x00000000a0000000, 0x00000000af280000, 0x00000000e0000000)
  object space 248320K, 70% used [0x00000000a0000000,0x00000000aab004a8,0x00000000af280000)
 Metaspace       used 91036K, capacity 94960K, committed 95104K, reserved 1132544K
  class space    used 11611K, capacity 12379K, committed 12416K, reserved 1048576K
Event: 2672.753 GC heap after
Heap after GC invocations=50 (full 5):
 PSYoungGen      total 252416K, used 25680K [0x00000000e0000000, 0x00000000f5000000, 0x0000000100000000)
  eden space 174592K, 0% used [0x00000000e0000000,0x00000000e0000000,0x00000000eaa80000)
  from space 77824K, 32% used [0x00000000eaa80000,0x00000000ec3940b0,0x00000000ef680000)
  to   space 74752K, 0% used [0x00000000f0700000,0x00000000f0700000,0x00000000f5000000)
 ParOldGen       total 248320K, used 196900K [0x00000000a0000000, 0x00000000af280000, 0x00000000e0000000)
  object space 248320K, 79% used [0x00000000a0000000,0x00000000ac0493a0,0x00000000af280000)
 Metaspace       used 91036K, capacity 94960K, committed 95104K, reserved 1132544K
  class space    used 11611K, capacity 12379K, committed 12416K, reserved 1048576K
}

