# JRE version: OpenJDK Runtime Environment (8.0_212-b04) (build 1.8.0_212-release-1586-b04)
# Java VM: OpenJDK 64-Bit Server VM (25.212-b04 mixed mode windows-amd64 compressed oops)
Heap:
 PSYoungGen      total 204800K, used 193726K [0x00000000e0000000, 0x00000000efd80000, 0x0000000100000000)
  eden space 187392K, 94% used [0x00000000e0000000,0x00000000eac319d8,0x00000000eb700000)
  from space 17408K, 99% used [0x00000000eb700000,0x00000000ec7fdee0,0x00000000ec800000)
  to   space 25088K, 0% used [0x00000000ee500000,0x00000000ee500000,0x00000000efd80000)
 ParOldGen       total 83456K, used 46652K [0x00000000a0000000, 0x00000000a5180000, 0x00000000e0000000)
  object space 83456K, 55% used [0x00000000a0000000,0x00000000a2d8f220,0x00000000a5180000)
 Metaspace       used 65509K, capacity 67966K, committed 68224K, reserved 1107968K
  class space    used 8740K, capacity 9293K, committed 9344K, reserved 1048576K
GC Heap History (10 events):
Event: 31.059 GC heap before
{Heap before GC invocations=16 (full 2):
 PSYoungGen      total 128000K, used 127991K [0x00000000e0000000, 0x00000000eaa80000, 0x0000000100000000)
  eden space 119296K, 100% used [0x00000000e0000000,0x00000000e7480000,0x00000000e7480000)
  from space 8704K, 99% used [0x00000000e7480000,0x00000000e7cfdf60,0x00000000e7d00000)
  to   space 12288K, 0% used [0x00000000e9e80000,0x00000000e9e80000,0x00000000eaa80000)
 ParOldGen       total 51712K, used 23816K [0x00000000a0000000, 0x00000000a3280000, 0x00000000e0000000)
  object space 51712K, 46% used [0x00000000a0000000,0x00000000a17423e8,0x00000000a3280000)
 Metaspace       used 55860K, capacity 57616K, committed 57856K, reserved 1099776K
  class space    used 7697K, capacity 8115K, committed 8192K, reserved 1048576K
Event: 31.091 GC heap after
Heap after GC invocations=16 (full 2):
 PSYoungGen      total 157696K, used 12287K [0x00000000e0000000, 0x00000000eb400000, 0x0000000100000000)
  eden space 145408K, 0% used [0x00000000e0000000,0x00000000e0000000,0x00000000e8e00000)
  from space 12288K, 99% used [0x00000000e9e80000,0x00000000eaa7fc20,0x00000000eaa80000)
  to   space 16896K, 0% used [0x00000000e8e00000,0x00000000e8e00000,0x00000000e9e80000)
 ParOldGen       total 51712K, used 32022K [0x00000000a0000000, 0x00000000a3280000, 0x00000000e0000000)
  object space 51712K, 61% used [0x00000000a0000000,0x00000000a1f45b30,0x00000000a3280000)
 Metaspace       used 55860K, capacity 57616K, committed 57856K, reserved 1099776K
  class space    used 7697K, capacity 8115K, committed 8192K, reserved 1048576K
}
Event: 31.792 GC heap before
{Heap before GC invocations=17 (full 2):
 PSYoungGen      total 157696K, used 43852K [0x00000000e0000000, 0x00000000eb400000, 0x0000000100000000)
  eden space 145408K, 21% used [0x00000000e0000000,0x00000000e1ed3760,0x00000000e8e00000)
  from space 12288K, 99% used [0x00000000e9e80000,0x00000000eaa7fc20,0x00000000eaa80000)
  to   space 16896K, 0% used [0x00000000e8e00000,0x00000000e8e00000,0x00000000e9e80000)
 ParOldGen       total 51712K, used 32022K [0x00000000a0000000, 0x00000000a3280000, 0x00000000e0000000)
  object space 51712K, 61% used [0x00000000a0000000,0x00000000a1f45b30,0x00000000a3280000)
 Metaspace       used 57159K, capacity 59036K, committed 59096K, reserved 1099776K
  class space    used 7885K, capacity 8320K, committed 8320K, reserved 1048576K
Event: 31.814 GC heap after
Heap after GC invocations=17 (full 2):
 PSYoungGen      total 162304K, used 4770K [0x00000000e0000000, 0x00000000edd00000, 0x0000000100000000)
  eden space 145408K, 0% used [0x00000000e0000000,0x00000000e0000000,0x00000000e8e00000)
  from space 16896K, 28% used [0x00000000e8e00000,0x00000000e92a8a28,0x00000000e9e80000)
  to   space 16384K, 0% used [0x00000000ecd00000,0x00000000ecd00000,0x00000000edd00000)
 ParOldGen       total 51712K, used 38089K [0x00000000a0000000, 0x00000000a3280000, 0x00000000e0000000)
  object space 51712K, 73% used [0x00000000a0000000,0x00000000a2532580,0x00000000a3280000)
 Metaspace       used 57159K, capacity 59036K, committed 59096K, reserved 1099776K
  class space    used 7885K, capacity 8320K, committed 8320K, reserved 1048576K
}
Event: 31.814 GC heap before
{Heap before GC invocations=18 (full 3):
 PSYoungGen      total 162304K, used 4770K [0x00000000e0000000, 0x00000000edd00000, 0x0000000100000000)
  eden space 145408K, 0% used [0x00000000e0000000,0x00000000e0000000,0x00000000e8e00000)
  from space 16896K, 28% used [0x00000000e8e00000,0x00000000e92a8a28,0x00000000e9e80000)
  to   space 16384K, 0% used [0x00000000ecd00000,0x00000000ecd00000,0x00000000edd00000)
 ParOldGen       total 51712K, used 38089K [0x00000000a0000000, 0x00000000a3280000, 0x00000000e0000000)
  object space 51712K, 73% used [0x00000000a0000000,0x00000000a2532580,0x00000000a3280000)
 Metaspace       used 57159K, capacity 59036K, committed 59096K, reserved 1099776K
  class space    used 7885K, capacity 8320K, committed 8320K, reserved 1048576K
Event: 32.127 GC heap after
Heap after GC invocations=18 (full 3):
 PSYoungGen      total 162304K, used 0K [0x00000000e0000000, 0x00000000edd00000, 0x0000000100000000)
  eden space 145408K, 0% used [0x00000000e0000000,0x00000000e0000000,0x00000000e8e00000)
  from space 16896K, 0% used [0x00000000e8e00000,0x00000000e8e00000,0x00000000e9e80000)
  to   space 16384K, 0% used [0x00000000ecd00000,0x00000000ecd00000,0x00000000edd00000)
 ParOldGen       total 83456K, used 33192K [0x00000000a0000000, 0x00000000a5180000, 0x00000000e0000000)
  object space 83456K, 39% used [0x00000000a0000000,0x00000000a206a2f8,0x00000000a5180000)
 Metaspace       used 57132K, capacity 58960K, committed 59096K, reserved 1099776K
  class space    used 7877K, capacity 8306K, committed 8320K, reserved 1048576K
}
Event: 36.190 GC heap before
{Heap before GC invocations=19 (full 3):
 PSYoungGen      total 162304K, used 145408K [0x00000000e0000000, 0x00000000edd00000, 0x0000000100000000)
  eden space 145408K, 100% used [0x00000000e0000000,0x00000000e8e00000,0x00000000e8e00000)
  from space 16896K, 0% used [0x00000000e8e00000,0x00000000e8e00000,0x00000000e9e80000)
  to   space 16384K, 0% used [0x00000000ecd00000,0x00000000ecd00000,0x00000000edd00000)
 ParOldGen       total 83456K, used 33192K [0x00000000a0000000, 0x00000000a5180000, 0x00000000e0000000)
  object space 83456K, 39% used [0x00000000a0000000,0x00000000a206a2f8,0x00000000a5180000)
 Metaspace       used 59861K, capacity 62004K, committed 62208K, reserved 1103872K
  class space    used 8223K, capacity 8688K, committed 8704K, reserved 1048576K
Event: 36.212 GC heap after
Heap after GC invocations=19 (full 3):
 PSYoungGen      total 193536K, used 12266K [0x00000000e0000000, 0x00000000ed900000, 0x0000000100000000)
  eden space 181248K, 0% used [0x00000000e0000000,0x00000000e0000000,0x00000000eb100000)
  from space 12288K, 99% used [0x00000000ecd00000,0x00000000ed8fa9b8,0x00000000ed900000)
  to   space 17408K, 0% used [0x00000000eb700000,0x00000000eb700000,0x00000000ec800000)
 ParOldGen       total 83456K, used 33200K [0x00000000a0000000, 0x00000000a5180000, 0x00000000e0000000)
  object space 83456K, 39% used [0x00000000a0000000,0x00000000a206c2f8,0x00000000a5180000)
 Metaspace       used 59861K, capacity 62004K, committed 62208K, reserved 1103872K
  class space    used 8223K, capacity 8688K, committed 8704K, reserved 1048576K
}
Event: 42.486 GC heap before
{Heap before GC invocations=20 (full 3):
 PSYoungGen      total 193536K, used 193514K [0x00000000e0000000, 0x00000000ed900000, 0x0000000100000000)
  eden space 181248K, 100% used [0x00000000e0000000,0x00000000eb100000,0x00000000eb100000)
  from space 12288K, 99% used [0x00000000ecd00000,0x00000000ed8fa9b8,0x00000000ed900000)
  to   space 17408K, 0% used [0x00000000eb700000,0x00000000eb700000,0x00000000ec800000)
 ParOldGen       total 83456K, used 33200K [0x00000000a0000000, 0x00000000a5180000, 0x00000000e0000000)
  object space 83456K, 39% used [0x00000000a0000000,0x00000000a206c2f8,0x00000000a5180000)
 Metaspace       used 63764K, capacity 66070K, committed 66304K, reserved 1105920K
  class space    used 8572K, capacity 9121K, committed 9216K, reserved 1048576K
Event: 42.532 GC heap after
Heap after GC invocations=20 (full 3):
 PSYoungGen      total 204800K, used 17399K [0x00000000e0000000, 0x00000000efd80000, 0x0000000100000000)
  eden space 187392K, 0% used [0x00000000e0000000,0x00000000e0000000,0x00000000eb700000)
  from space 17408K, 99% used [0x00000000eb700000,0x00000000ec7fdee0,0x00000000ec800000)
  to   space 25088K, 0% used [0x00000000ee500000,0x00000000ee500000,0x00000000efd80000)
 ParOldGen       total 83456K, used 46652K [0x00000000a0000000, 0x00000000a5180000, 0x00000000e0000000)
  object space 83456K, 55% used [0x00000000a0000000,0x00000000a2d8f220,0x00000000a5180000)
 Metaspace       used 63764K, capacity 66070K, committed 66304K, reserved 1105920K
  class space    used 8572K, capacity 9121K, committed 9216K, reserved 1048576K
}

