# JRE version: OpenJDK Runtime Environment (8.0_212-b04) (build 1.8.0_212-release-1586-b04)
# Java VM: OpenJDK 64-Bit Server VM (25.212-b04 mixed mode windows-amd64 compressed oops)
Heap:
 PSYoungGen      total 339456K, used 287156K [0x00000000e0000000, 0x00000000f8180000, 0x0000000100000000)
  eden space 329216K, 87% used [0x00000000e0000000,0x00000000f186d0a0,0x00000000f4180000)
  from space 10240K, 0% used [0x00000000f5680000,0x00000000f5680000,0x00000000f6080000)
  to   space 32768K, 0% used [0x00000000f6180000,0x00000000f6180000,0x00000000f8180000)
 ParOldGen       total 94208K, used 49246K [0x00000000a0000000, 0x00000000a5c00000, 0x00000000e0000000)
  object space 94208K, 52% used [0x00000000a0000000,0x00000000a3017b10,0x00000000a5c00000)
 Metaspace       used 98010K, capacity 102612K, committed 102976K, reserved 1138688K
  class space    used 12569K, capacity 13532K, committed 13632K, reserved 1048576K
GC Heap History (10 events):
Event: 158.768 GC heap before
{Heap before GC invocations=15 (full 3):
 PSYoungGen      total 316928K, used 316900K [0x00000000e0000000, 0x00000000faf00000, 0x0000000100000000)
  eden space 293376K, 100% used [0x00000000e0000000,0x00000000f1e80000,0x00000000f1e80000)
  from space 23552K, 99% used [0x00000000f1e80000,0x00000000f35791a8,0x00000000f3580000)
  to   space 27648K, 0% used [0x00000000f9400000,0x00000000f9400000,0x00000000faf00000)
 ParOldGen       total 75264K, used 34152K [0x00000000a0000000, 0x00000000a4980000, 0x00000000e0000000)
  object space 75264K, 45% used [0x00000000a0000000,0x00000000a215a2f0,0x00000000a4980000)
 Metaspace       used 80210K, capacity 83608K, committed 83968K, reserved 1122304K
  class space    used 10684K, capacity 11397K, committed 11520K, reserved 1048576K
Event: 158.827 GC heap after
Heap after GC invocations=15 (full 3):
 PSYoungGen      total 399360K, used 18878K [0x00000000e0000000, 0x00000000fa900000, 0x0000000100000000)
  eden space 377856K, 0% used [0x00000000e0000000,0x00000000e0000000,0x00000000f7100000)
  from space 21504K, 87% used [0x00000000f9400000,0x00000000fa66fa18,0x00000000fa900000)
  to   space 28672K, 0% used [0x00000000f7100000,0x00000000f7100000,0x00000000f8d00000)
 ParOldGen       total 75264K, used 46036K [0x00000000a0000000, 0x00000000a4980000, 0x00000000e0000000)
  object space 75264K, 61% used [0x00000000a0000000,0x00000000a2cf5130,0x00000000a4980000)
 Metaspace       used 80210K, capacity 83608K, committed 83968K, reserved 1122304K
  class space    used 10684K, capacity 11397K, committed 11520K, reserved 1048576K
}
Event: 455.879 GC heap before
{Heap before GC invocations=16 (full 3):
 PSYoungGen      total 399360K, used 396734K [0x00000000e0000000, 0x00000000fa900000, 0x0000000100000000)
  eden space 377856K, 100% used [0x00000000e0000000,0x00000000f7100000,0x00000000f7100000)
  from space 21504K, 87% used [0x00000000f9400000,0x00000000fa66fa18,0x00000000fa900000)
  to   space 28672K, 0% used [0x00000000f7100000,0x00000000f7100000,0x00000000f8d00000)
 ParOldGen       total 75264K, used 46036K [0x00000000a0000000, 0x00000000a4980000, 0x00000000e0000000)
  object space 75264K, 61% used [0x00000000a0000000,0x00000000a2cf5130,0x00000000a4980000)
 Metaspace       used 87975K, capacity 91852K, committed 92032K, reserved 1128448K
  class space    used 11544K, capacity 12331K, committed 12416K, reserved 1048576K
Event: 455.938 GC heap after
Heap after GC invocations=16 (full 3):
 PSYoungGen      total 376832K, used 15593K [0x00000000e0000000, 0x00000000f9880000, 0x0000000100000000)
  eden space 360960K, 0% used [0x00000000e0000000,0x00000000e0000000,0x00000000f6080000)
  from space 15872K, 98% used [0x00000000f7100000,0x00000000f803a620,0x00000000f8080000)
  to   space 24576K, 0% used [0x00000000f8080000,0x00000000f8080000,0x00000000f9880000)
 ParOldGen       total 75264K, used 52431K [0x00000000a0000000, 0x00000000a4980000, 0x00000000e0000000)
  object space 75264K, 69% used [0x00000000a0000000,0x00000000a3333f40,0x00000000a4980000)
 Metaspace       used 87975K, capacity 91852K, committed 92032K, reserved 1128448K
  class space    used 11544K, capacity 12331K, committed 12416K, reserved 1048576K
}
Event: 2872.091 GC heap before
{Heap before GC invocations=17 (full 3):
 PSYoungGen      total 376832K, used 376553K [0x00000000e0000000, 0x00000000f9880000, 0x0000000100000000)
  eden space 360960K, 100% used [0x00000000e0000000,0x00000000f6080000,0x00000000f6080000)
  from space 15872K, 98% used [0x00000000f7100000,0x00000000f803a620,0x00000000f8080000)
  to   space 24576K, 0% used [0x00000000f8080000,0x00000000f8080000,0x00000000f9880000)
 ParOldGen       total 75264K, used 52431K [0x00000000a0000000, 0x00000000a4980000, 0x00000000e0000000)
  object space 75264K, 69% used [0x00000000a0000000,0x00000000a3333f40,0x00000000a4980000)
 Metaspace       used 88951K, capacity 93036K, committed 93312K, reserved 1130496K
  class space    used 11565K, capacity 12365K, committed 12416K, reserved 1048576K
Event: 2881.795 GC heap after
Heap after GC invocations=17 (full 3):
 PSYoungGen      total 369152K, used 24572K [0x00000000e0000000, 0x00000000f9880000, 0x0000000100000000)
  eden space 344576K, 0% used [0x00000000e0000000,0x00000000e0000000,0x00000000f5080000)
  from space 24576K, 99% used [0x00000000f8080000,0x00000000f987f090,0x00000000f9880000)
  to   space 33792K, 0% used [0x00000000f5680000,0x00000000f5680000,0x00000000f7780000)
 ParOldGen       total 75264K, used 58997K [0x00000000a0000000, 0x00000000a4980000, 0x00000000e0000000)
  object space 75264K, 78% used [0x00000000a0000000,0x00000000a399d750,0x00000000a4980000)
 Metaspace       used 88951K, capacity 93036K, committed 93312K, reserved 1130496K
  class space    used 11565K, capacity 12365K, committed 12416K, reserved 1048576K
}
Event: 3540.010 GC heap before
{Heap before GC invocations=18 (full 3):
 PSYoungGen      total 369152K, used 231295K [0x00000000e0000000, 0x00000000f9880000, 0x0000000100000000)
  eden space 344576K, 59% used [0x00000000e0000000,0x00000000ec9e0b88,0x00000000f5080000)
  from space 24576K, 99% used [0x00000000f8080000,0x00000000f987f090,0x00000000f9880000)
  to   space 33792K, 0% used [0x00000000f5680000,0x00000000f5680000,0x00000000f7780000)
 ParOldGen       total 75264K, used 58997K [0x00000000a0000000, 0x00000000a4980000, 0x00000000e0000000)
  object space 75264K, 78% used [0x00000000a0000000,0x00000000a399d750,0x00000000a4980000)
 Metaspace       used 93866K, capacity 98456K, committed 98496K, reserved 1134592K
  class space    used 12103K, capacity 12969K, committed 12992K, reserved 1048576K
Event: 3540.854 GC heap after
Heap after GC invocations=18 (full 3):
 PSYoungGen      total 339456K, used 10111K [0x00000000e0000000, 0x00000000f8180000, 0x0000000100000000)
  eden space 329216K, 0% used [0x00000000e0000000,0x00000000e0000000,0x00000000f4180000)
  from space 10240K, 98% used [0x00000000f5680000,0x00000000f605fe38,0x00000000f6080000)
  to   space 32768K, 0% used [0x00000000f6180000,0x00000000f6180000,0x00000000f8180000)
 ParOldGen       total 75264K, used 64111K [0x00000000a0000000, 0x00000000a4980000, 0x00000000e0000000)
  object space 75264K, 85% used [0x00000000a0000000,0x00000000a3e9bc50,0x00000000a4980000)
 Metaspace       used 93866K, capacity 98456K, committed 98496K, reserved 1134592K
  class space    used 12103K, capacity 12969K, committed 12992K, reserved 1048576K
}
Event: 3540.854 GC heap before
{Heap before GC invocations=19 (full 4):
 PSYoungGen      total 339456K, used 10111K [0x00000000e0000000, 0x00000000f8180000, 0x0000000100000000)
  eden space 329216K, 0% used [0x00000000e0000000,0x00000000e0000000,0x00000000f4180000)
  from space 10240K, 98% used [0x00000000f5680000,0x00000000f605fe38,0x00000000f6080000)
  to   space 32768K, 0% used [0x00000000f6180000,0x00000000f6180000,0x00000000f8180000)
 ParOldGen       total 75264K, used 64111K [0x00000000a0000000, 0x00000000a4980000, 0x00000000e0000000)
  object space 75264K, 85% used [0x00000000a0000000,0x00000000a3e9bc50,0x00000000a4980000)
 Metaspace       used 93866K, capacity 98456K, committed 98496K, reserved 1134592K
  class space    used 12103K, capacity 12969K, committed 12992K, reserved 1048576K
Event: 3548.942 GC heap after
Heap after GC invocations=19 (full 4):
 PSYoungGen      total 339456K, used 0K [0x00000000e0000000, 0x00000000f8180000, 0x0000000100000000)
  eden space 329216K, 0% used [0x00000000e0000000,0x00000000e0000000,0x00000000f4180000)
  from space 10240K, 0% used [0x00000000f5680000,0x00000000f5680000,0x00000000f6080000)
  to   space 32768K, 0% used [0x00000000f6180000,0x00000000f6180000,0x00000000f8180000)
 ParOldGen       total 94208K, used 49246K [0x00000000a0000000, 0x00000000a5c00000, 0x00000000e0000000)
  object space 94208K, 52% used [0x00000000a0000000,0x00000000a3017b10,0x00000000a5c00000)
 Metaspace       used 93231K, capacity 97016K, committed 98496K, reserved 1134592K
  class space    used 11930K, capacity 12671K, committed 12992K, reserved 1048576K
}

