# JRE version: OpenJDK Runtime Environment (8.0_212-b04) (build 1.8.0_212-release-1586-b04)
# Java VM: OpenJDK 64-Bit Server VM (25.212-b04 mixed mode windows-amd64 compressed oops)
Heap:
 PSYoungGen      total 93184K, used 20382K [0x00000000e0000000, 0x00000000e6480000, 0x0000000100000000)
  eden space 88576K, 23% used [0x00000000e0000000,0x00000000e13e78f8,0x00000000e5680000)
  from space 4608K, 0% used [0x00000000e6000000,0x00000000e6000000,0x00000000e6480000)
  to   space 7168K, 0% used [0x00000000e5680000,0x00000000e5680000,0x00000000e5d80000)
 ParOldGen       total 39936K, used 15876K [0x00000000a0000000, 0x00000000a2700000, 0x00000000e0000000)
  object space 39936K, 39% used [0x00000000a0000000,0x00000000a0f81300,0x00000000a2700000)
 Metaspace       used 36847K, capacity 37770K, committed 37888K, reserved 1081344K
  class space    used 5057K, capacity 5282K, committed 5376K, reserved 1048576K
GC Heap History (10 events):
Event: 13.075 GC heap before
{Heap before GC invocations=12 (full 1):
 PSYoungGen      total 56320K, used 50176K [0x00000000e0000000, 0x00000000e3d00000, 0x0000000100000000)
  eden space 50176K, 100% used [0x00000000e0000000,0x00000000e3100000,0x00000000e3100000)
  from space 6144K, 0% used [0x00000000e3700000,0x00000000e3700000,0x00000000e3d00000)
  to   space 6144K, 0% used [0x00000000e3100000,0x00000000e3100000,0x00000000e3700000)
 ParOldGen       total 32256K, used 8909K [0x00000000a0000000, 0x00000000a1f80000, 0x00000000e0000000)
  object space 32256K, 27% used [0x00000000a0000000,0x00000000a08b3780,0x00000000a1f80000)
 Metaspace       used 27670K, capacity 28150K, committed 28288K, reserved 1073152K
  class space    used 3777K, capacity 3936K, committed 3968K, reserved 1048576K
Event: 13.091 GC heap after
Heap after GC invocations=12 (full 1):
 PSYoungGen      total 56320K, used 6133K [0x00000000e0000000, 0x00000000e5280000, 0x0000000100000000)
  eden space 50176K, 0% used [0x00000000e0000000,0x00000000e0000000,0x00000000e3100000)
  from space 6144K, 99% used [0x00000000e3100000,0x00000000e36fd7c0,0x00000000e3700000)
  to   space 7168K, 0% used [0x00000000e4b80000,0x00000000e4b80000,0x00000000e5280000)
 ParOldGen       total 32256K, used 9642K [0x00000000a0000000, 0x00000000a1f80000, 0x00000000e0000000)
  object space 32256K, 29% used [0x00000000a0000000,0x00000000a096ab98,0x00000000a1f80000)
 Metaspace       used 27670K, capacity 28150K, committed 28288K, reserved 1073152K
  class space    used 3777K, capacity 3936K, committed 3968K, reserved 1048576K
}
Event: 18.865 GC heap before
{Heap before GC invocations=13 (full 1):
 PSYoungGen      total 56320K, used 56309K [0x00000000e0000000, 0x00000000e5280000, 0x0000000100000000)
  eden space 50176K, 100% used [0x00000000e0000000,0x00000000e3100000,0x00000000e3100000)
  from space 6144K, 99% used [0x00000000e3100000,0x00000000e36fd7c0,0x00000000e3700000)
  to   space 7168K, 0% used [0x00000000e4b80000,0x00000000e4b80000,0x00000000e5280000)
 ParOldGen       total 32256K, used 9642K [0x00000000a0000000, 0x00000000a1f80000, 0x00000000e0000000)
  object space 32256K, 29% used [0x00000000a0000000,0x00000000a096ab98,0x00000000a1f80000)
 Metaspace       used 30509K, capacity 31052K, committed 31360K, reserved 1077248K
  class space    used 4149K, capacity 4367K, committed 4480K, reserved 1048576K
Event: 18.874 GC heap after
Heap after GC invocations=13 (full 1):
 PSYoungGen      total 73216K, used 3717K [0x00000000e0000000, 0x00000000e5000000, 0x0000000100000000)
  eden space 68608K, 0% used [0x00000000e0000000,0x00000000e0000000,0x00000000e4300000)
  from space 4608K, 80% used [0x00000000e4b80000,0x00000000e4f21688,0x00000000e5000000)
  to   space 6656K, 0% used [0x00000000e4300000,0x00000000e4300000,0x00000000e4980000)
 ParOldGen       total 32256K, used 12874K [0x00000000a0000000, 0x00000000a1f80000, 0x00000000e0000000)
  object space 32256K, 39% used [0x00000000a0000000,0x00000000a0c92bb8,0x00000000a1f80000)
 Metaspace       used 30509K, capacity 31052K, committed 31360K, reserved 1077248K
  class space    used 4149K, capacity 4367K, committed 4480K, reserved 1048576K
}
Event: 26.842 GC heap before
{Heap before GC invocations=14 (full 1):
 PSYoungGen      total 73216K, used 72325K [0x00000000e0000000, 0x00000000e5000000, 0x0000000100000000)
  eden space 68608K, 100% used [0x00000000e0000000,0x00000000e4300000,0x00000000e4300000)
  from space 4608K, 80% used [0x00000000e4b80000,0x00000000e4f21688,0x00000000e5000000)
  to   space 6656K, 0% used [0x00000000e4300000,0x00000000e4300000,0x00000000e4980000)
 ParOldGen       total 32256K, used 12874K [0x00000000a0000000, 0x00000000a1f80000, 0x00000000e0000000)
  object space 32256K, 39% used [0x00000000a0000000,0x00000000a0c92bb8,0x00000000a1f80000)
 Metaspace       used 34050K, capacity 34754K, committed 34944K, reserved 1079296K
  class space    used 4678K, capacity 4912K, committed 4992K, reserved 1048576K
Event: 26.852 GC heap after
Heap after GC invocations=14 (full 1):
 PSYoungGen      total 75264K, used 5439K [0x00000000e0000000, 0x00000000e6700000, 0x0000000100000000)
  eden space 68608K, 0% used [0x00000000e0000000,0x00000000e0000000,0x00000000e4300000)
  from space 6656K, 81% used [0x00000000e4300000,0x00000000e484fc10,0x00000000e4980000)
  to   space 7168K, 0% used [0x00000000e6000000,0x00000000e6000000,0x00000000e6700000)
 ParOldGen       total 32256K, used 14327K [0x00000000a0000000, 0x00000000a1f80000, 0x00000000e0000000)
  object space 32256K, 44% used [0x00000000a0000000,0x00000000a0dfdeb0,0x00000000a1f80000)
 Metaspace       used 34050K, capacity 34754K, committed 34944K, reserved 1079296K
  class space    used 4678K, capacity 4912K, committed 4992K, reserved 1048576K
}
Event: 47.450 GC heap before
{Heap before GC invocations=15 (full 1):
 PSYoungGen      total 75264K, used 26916K [0x00000000e0000000, 0x00000000e6700000, 0x0000000100000000)
  eden space 68608K, 31% used [0x00000000e0000000,0x00000000e14f9400,0x00000000e4300000)
  from space 6656K, 81% used [0x00000000e4300000,0x00000000e484fc10,0x00000000e4980000)
  to   space 7168K, 0% used [0x00000000e6000000,0x00000000e6000000,0x00000000e6700000)
 ParOldGen       total 32256K, used 14327K [0x00000000a0000000, 0x00000000a1f80000, 0x00000000e0000000)
  object space 32256K, 44% used [0x00000000a0000000,0x00000000a0dfdeb0,0x00000000a1f80000)
 Metaspace       used 34577K, capacity 35392K, committed 35456K, reserved 1079296K
  class space    used 4750K, capacity 4963K, committed 4992K, reserved 1048576K
Event: 47.462 GC heap after
Heap after GC invocations=15 (full 1):
 PSYoungGen      total 93184K, used 2833K [0x00000000e0000000, 0x00000000e6480000, 0x0000000100000000)
  eden space 88576K, 0% used [0x00000000e0000000,0x00000000e0000000,0x00000000e5680000)
  from space 4608K, 61% used [0x00000000e6000000,0x00000000e62c46d8,0x00000000e6480000)
  to   space 7168K, 0% used [0x00000000e5680000,0x00000000e5680000,0x00000000e5d80000)
 ParOldGen       total 32256K, used 15793K [0x00000000a0000000, 0x00000000a1f80000, 0x00000000e0000000)
  object space 32256K, 48% used [0x00000000a0000000,0x00000000a0f6c430,0x00000000a1f80000)
 Metaspace       used 34577K, capacity 35392K, committed 35456K, reserved 1079296K
  class space    used 4750K, capacity 4963K, committed 4992K, reserved 1048576K
}
Event: 47.463 GC heap before
{Heap before GC invocations=16 (full 2):
 PSYoungGen      total 93184K, used 2833K [0x00000000e0000000, 0x00000000e6480000, 0x0000000100000000)
  eden space 88576K, 0% used [0x00000000e0000000,0x00000000e0000000,0x00000000e5680000)
  from space 4608K, 61% used [0x00000000e6000000,0x00000000e62c46d8,0x00000000e6480000)
  to   space 7168K, 0% used [0x00000000e5680000,0x00000000e5680000,0x00000000e5d80000)
 ParOldGen       total 32256K, used 15793K [0x00000000a0000000, 0x00000000a1f80000, 0x00000000e0000000)
  object space 32256K, 48% used [0x00000000a0000000,0x00000000a0f6c430,0x00000000a1f80000)
 Metaspace       used 34577K, capacity 35392K, committed 35456K, reserved 1079296K
  class space    used 4750K, capacity 4963K, committed 4992K, reserved 1048576K
Event: 47.545 GC heap after
Heap after GC invocations=16 (full 2):
 PSYoungGen      total 93184K, used 0K [0x00000000e0000000, 0x00000000e6480000, 0x0000000100000000)
  eden space 88576K, 0% used [0x00000000e0000000,0x00000000e0000000,0x00000000e5680000)
  from space 4608K, 0% used [0x00000000e6000000,0x00000000e6000000,0x00000000e6480000)
  to   space 7168K, 0% used [0x00000000e5680000,0x00000000e5680000,0x00000000e5d80000)
 ParOldGen       total 39936K, used 15876K [0x00000000a0000000, 0x00000000a2700000, 0x00000000e0000000)
  object space 39936K, 39% used [0x00000000a0000000,0x00000000a0f81300,0x00000000a2700000)
 Metaspace       used 34566K, capacity 35356K, committed 35456K, reserved 1079296K
  class space    used 4747K, capacity 4957K, committed 4992K, reserved 1048576K
}

