# JRE version: OpenJDK Runtime Environment (8.0_212-b04) (build 1.8.0_212-release-1586-b04)
# Java VM: OpenJDK 64-Bit Server VM (25.212-b04 mixed mode windows-amd64 compressed oops)
Heap:
 PSYoungGen      total 228352K, used 157632K [0x00000000e0000000, 0x00000000f1d00000, 0x0000000100000000)
  eden space 210432K, 66% used [0x00000000e0000000,0x00000000e8877d50,0x00000000ecd80000)
  from space 17920K, 99% used [0x00000000ecd80000,0x00000000edef8360,0x00000000edf00000)
  to   space 21504K, 0% used [0x00000000f0800000,0x00000000f0800000,0x00000000f1d00000)
 ParOldGen       total 91648K, used 37047K [0x00000000a0000000, 0x00000000a5980000, 0x00000000e0000000)
  object space 91648K, 40% used [0x00000000a0000000,0x00000000a242de80,0x00000000a5980000)
 Metaspace       used 66155K, capacity 68454K, committed 68568K, reserved 1107968K
  class space    used 8900K, capacity 9412K, committed 9472K, reserved 1048576K
GC Heap History (10 events):
Event: 22.573 GC heap before
{Heap before GC invocations=12 (full 2):
 PSYoungGen      total 175616K, used 11414K [0x00000000e0000000, 0x00000000eba80000, 0x0000000100000000)
  eden space 163840K, 0% used [0x00000000e0000000,0x00000000e0000000,0x00000000ea000000)
  from space 11776K, 96% used [0x00000000eaf00000,0x00000000eba259e8,0x00000000eba80000)
  to   space 13312K, 0% used [0x00000000ea080000,0x00000000ea080000,0x00000000ead80000)
 ParOldGen       total 34304K, used 10782K [0x00000000a0000000, 0x00000000a2180000, 0x00000000e0000000)
  object space 34304K, 31% used [0x00000000a0000000,0x00000000a0a87a30,0x00000000a2180000)
 Metaspace       used 34592K, capacity 35376K, committed 35456K, reserved 1079296K
  class space    used 4740K, capacity 4963K, committed 4992K, reserved 1048576K
Event: 22.647 GC heap after
Heap after GC invocations=12 (full 2):
 PSYoungGen      total 175616K, used 0K [0x00000000e0000000, 0x00000000eba80000, 0x0000000100000000)
  eden space 163840K, 0% used [0x00000000e0000000,0x00000000e0000000,0x00000000ea000000)
  from space 11776K, 0% used [0x00000000eaf00000,0x00000000eaf00000,0x00000000eba80000)
  to   space 13312K, 0% used [0x00000000ea080000,0x00000000ea080000,0x00000000ead80000)
 ParOldGen       total 56320K, used 18281K [0x00000000a0000000, 0x00000000a3700000, 0x00000000e0000000)
  object space 56320K, 32% used [0x00000000a0000000,0x00000000a11da418,0x00000000a3700000)
 Metaspace       used 34581K, capacity 35340K, committed 35456K, reserved 1079296K
  class space    used 4737K, capacity 4957K, committed 4992K, reserved 1048576K
}
Event: 30.548 GC heap before
{Heap before GC invocations=13 (full 2):
 PSYoungGen      total 175616K, used 163840K [0x00000000e0000000, 0x00000000eba80000, 0x0000000100000000)
  eden space 163840K, 100% used [0x00000000e0000000,0x00000000ea000000,0x00000000ea000000)
  from space 11776K, 0% used [0x00000000eaf00000,0x00000000eaf00000,0x00000000eba80000)
  to   space 13312K, 0% used [0x00000000ea080000,0x00000000ea080000,0x00000000ead80000)
 ParOldGen       total 56320K, used 18281K [0x00000000a0000000, 0x00000000a3700000, 0x00000000e0000000)
  object space 56320K, 32% used [0x00000000a0000000,0x00000000a11da418,0x00000000a3700000)
 Metaspace       used 51029K, capacity 52534K, committed 52736K, reserved 1095680K
  class space    used 6947K, capacity 7334K, committed 7424K, reserved 1048576K
Event: 30.575 GC heap after
Heap after GC invocations=13 (full 2):
 PSYoungGen      total 177664K, used 13280K [0x00000000e0000000, 0x00000000ef200000, 0x0000000100000000)
  eden space 164352K, 0% used [0x00000000e0000000,0x00000000e0000000,0x00000000ea080000)
  from space 13312K, 99% used [0x00000000ea080000,0x00000000ead78328,0x00000000ead80000)
  to   space 18432K, 0% used [0x00000000ee000000,0x00000000ee000000,0x00000000ef200000)
 ParOldGen       total 56320K, used 26216K [0x00000000a0000000, 0x00000000a3700000, 0x00000000e0000000)
  object space 56320K, 46% used [0x00000000a0000000,0x00000000a199a198,0x00000000a3700000)
 Metaspace       used 51029K, capacity 52534K, committed 52736K, reserved 1095680K
  class space    used 6947K, capacity 7334K, committed 7424K, reserved 1048576K
}
Event: 35.108 GC heap before
{Heap before GC invocations=14 (full 2):
 PSYoungGen      total 177664K, used 106572K [0x00000000e0000000, 0x00000000ef200000, 0x0000000100000000)
  eden space 164352K, 56% used [0x00000000e0000000,0x00000000e5b1af80,0x00000000ea080000)
  from space 13312K, 99% used [0x00000000ea080000,0x00000000ead78328,0x00000000ead80000)
  to   space 18432K, 0% used [0x00000000ee000000,0x00000000ee000000,0x00000000ef200000)
 ParOldGen       total 56320K, used 26216K [0x00000000a0000000, 0x00000000a3700000, 0x00000000e0000000)
  object space 56320K, 46% used [0x00000000a0000000,0x00000000a199a198,0x00000000a3700000)
 Metaspace       used 57161K, capacity 58968K, committed 59096K, reserved 1099776K
  class space    used 7880K, capacity 8353K, committed 8448K, reserved 1048576K
Event: 35.133 GC heap after
Heap after GC invocations=14 (full 2):
 PSYoungGen      total 227328K, used 9846K [0x00000000e0000000, 0x00000000ef080000, 0x0000000100000000)
  eden space 210432K, 0% used [0x00000000e0000000,0x00000000e0000000,0x00000000ecd80000)
  from space 16896K, 58% used [0x00000000ee000000,0x00000000ee99d9d8,0x00000000ef080000)
  to   space 17920K, 0% used [0x00000000ecd80000,0x00000000ecd80000,0x00000000edf00000)
 ParOldGen       total 56320K, used 36401K [0x00000000a0000000, 0x00000000a3700000, 0x00000000e0000000)
  object space 56320K, 64% used [0x00000000a0000000,0x00000000a238c570,0x00000000a3700000)
 Metaspace       used 57161K, capacity 58968K, committed 59096K, reserved 1099776K
  class space    used 7880K, capacity 8353K, committed 8448K, reserved 1048576K
}
Event: 35.133 GC heap before
{Heap before GC invocations=15 (full 3):
 PSYoungGen      total 227328K, used 9846K [0x00000000e0000000, 0x00000000ef080000, 0x0000000100000000)
  eden space 210432K, 0% used [0x00000000e0000000,0x00000000e0000000,0x00000000ecd80000)
  from space 16896K, 58% used [0x00000000ee000000,0x00000000ee99d9d8,0x00000000ef080000)
  to   space 17920K, 0% used [0x00000000ecd80000,0x00000000ecd80000,0x00000000edf00000)
 ParOldGen       total 56320K, used 36401K [0x00000000a0000000, 0x00000000a3700000, 0x00000000e0000000)
  object space 56320K, 64% used [0x00000000a0000000,0x00000000a238c570,0x00000000a3700000)
 Metaspace       used 57161K, capacity 58968K, committed 59096K, reserved 1099776K
  class space    used 7880K, capacity 8353K, committed 8448K, reserved 1048576K
Event: 35.402 GC heap after
Heap after GC invocations=15 (full 3):
 PSYoungGen      total 227328K, used 0K [0x00000000e0000000, 0x00000000ef080000, 0x0000000100000000)
  eden space 210432K, 0% used [0x00000000e0000000,0x00000000e0000000,0x00000000ecd80000)
  from space 16896K, 0% used [0x00000000ee000000,0x00000000ee000000,0x00000000ef080000)
  to   space 17920K, 0% used [0x00000000ecd80000,0x00000000ecd80000,0x00000000edf00000)
 ParOldGen       total 91648K, used 34988K [0x00000000a0000000, 0x00000000a5980000, 0x00000000e0000000)
  object space 91648K, 38% used [0x00000000a0000000,0x00000000a222b358,0x00000000a5980000)
 Metaspace       used 57161K, capacity 58968K, committed 59096K, reserved 1099776K
  class space    used 7880K, capacity 8353K, committed 8448K, reserved 1048576K
}
Event: 52.398 GC heap before
{Heap before GC invocations=16 (full 3):
 PSYoungGen      total 227328K, used 210432K [0x00000000e0000000, 0x00000000ef080000, 0x0000000100000000)
  eden space 210432K, 100% used [0x00000000e0000000,0x00000000ecd80000,0x00000000ecd80000)
  from space 16896K, 0% used [0x00000000ee000000,0x00000000ee000000,0x00000000ef080000)
  to   space 17920K, 0% used [0x00000000ecd80000,0x00000000ecd80000,0x00000000edf00000)
 ParOldGen       total 91648K, used 34988K [0x00000000a0000000, 0x00000000a5980000, 0x00000000e0000000)
  object space 91648K, 38% used [0x00000000a0000000,0x00000000a222b358,0x00000000a5980000)
 Metaspace       used 63782K, capacity 66046K, committed 66392K, reserved 1105920K
  class space    used 8698K, capacity 9218K, committed 9344K, reserved 1048576K
Event: 52.428 GC heap after
Heap after GC invocations=16 (full 3):
 PSYoungGen      total 228352K, used 17888K [0x00000000e0000000, 0x00000000f1d00000, 0x0000000100000000)
  eden space 210432K, 0% used [0x00000000e0000000,0x00000000e0000000,0x00000000ecd80000)
  from space 17920K, 99% used [0x00000000ecd80000,0x00000000edef8360,0x00000000edf00000)
  to   space 21504K, 0% used [0x00000000f0800000,0x00000000f0800000,0x00000000f1d00000)
 ParOldGen       total 91648K, used 37047K [0x00000000a0000000, 0x00000000a5980000, 0x00000000e0000000)
  object space 91648K, 40% used [0x00000000a0000000,0x00000000a242de80,0x00000000a5980000)
 Metaspace       used 63782K, capacity 66046K, committed 66392K, reserved 1105920K
  class space    used 8698K, capacity 9218K, committed 9344K, reserved 1048576K
}

