# JRE version: OpenJDK Runtime Environment (8.0_212-b04) (build 1.8.0_212-release-1586-b04)
# Java VM: OpenJDK 64-Bit Server VM (25.212-b04 mixed mode windows-amd64 compressed oops)
Heap:
 PSYoungGen      total 236032K, used 140998K [0x00000000e0000000, 0x00000000f1280000, 0x0000000100000000)
  eden space 201728K, 63% used [0x00000000e0000000,0x00000000e7c55250,0x00000000ec500000)
  from space 34304K, 39% used [0x00000000ee500000,0x00000000ef25c628,0x00000000f0680000)
  to   space 32768K, 0% used [0x00000000ec500000,0x00000000ec500000,0x00000000ee500000)
 ParOldGen       total 121856K, used 56367K [0x00000000a0000000, 0x00000000a7700000, 0x00000000e0000000)
  object space 121856K, 46% used [0x00000000a0000000,0x00000000a370bea0,0x00000000a7700000)
 Metaspace       used 96235K, capacity 100862K, committed 101184K, reserved 1136640K
  class space    used 12418K, capacity 13350K, committed 13400K, reserved 1048576K
GC Heap History (10 events):
Event: 468.061 GC heap before
{Heap before GC invocations=24 (full 3):
 PSYoungGen      total 242688K, used 242418K [0x00000000e0000000, 0x00000000f2b00000, 0x0000000100000000)
  eden space 219136K, 100% used [0x00000000e0000000,0x00000000ed600000,0x00000000ed600000)
  from space 23552K, 98% used [0x00000000f1400000,0x00000000f2abc870,0x00000000f2b00000)
  to   space 32768K, 0% used [0x00000000eeb00000,0x00000000eeb00000,0x00000000f0b00000)
 ParOldGen       total 79360K, used 52117K [0x00000000a0000000, 0x00000000a4d80000, 0x00000000e0000000)
  object space 79360K, 65% used [0x00000000a0000000,0x00000000a32e5790,0x00000000a4d80000)
 Metaspace       used 90200K, capacity 94382K, committed 94552K, reserved 1130496K
  class space    used 11715K, capacity 12538K, committed 12632K, reserved 1048576K
Event: 468.106 GC heap after
Heap after GC invocations=24 (full 3):
 PSYoungGen      total 237568K, used 27349K [0x00000000e0000000, 0x00000000f1480000, 0x0000000100000000)
  eden space 209920K, 0% used [0x00000000e0000000,0x00000000e0000000,0x00000000ecd00000)
  from space 27648K, 98% used [0x00000000eeb00000,0x00000000f05b5628,0x00000000f0600000)
  to   space 14848K, 0% used [0x00000000f0600000,0x00000000f0600000,0x00000000f1480000)
 ParOldGen       total 79360K, used 52133K [0x00000000a0000000, 0x00000000a4d80000, 0x00000000e0000000)
  object space 79360K, 65% used [0x00000000a0000000,0x00000000a32e9790,0x00000000a4d80000)
 Metaspace       used 90200K, capacity 94382K, committed 94552K, reserved 1130496K
  class space    used 11715K, capacity 12538K, committed 12632K, reserved 1048576K
}
Event: 494.663 GC heap before
{Heap before GC invocations=25 (full 3):
 PSYoungGen      total 237568K, used 237269K [0x00000000e0000000, 0x00000000f1480000, 0x0000000100000000)
  eden space 209920K, 100% used [0x00000000e0000000,0x00000000ecd00000,0x00000000ecd00000)
  from space 27648K, 98% used [0x00000000eeb00000,0x00000000f05b5628,0x00000000f0600000)
  to   space 14848K, 0% used [0x00000000f0600000,0x00000000f0600000,0x00000000f1480000)
 ParOldGen       total 79360K, used 52133K [0x00000000a0000000, 0x00000000a4d80000, 0x00000000e0000000)
  object space 79360K, 65% used [0x00000000a0000000,0x00000000a32e9790,0x00000000a4d80000)
 Metaspace       used 90866K, capacity 95204K, committed 95320K, reserved 1132544K
  class space    used 11783K, capacity 12622K, committed 12632K, reserved 1048576K
Event: 494.686 GC heap after
Heap after GC invocations=25 (full 3):
 PSYoungGen      total 215552K, used 13998K [0x00000000e0000000, 0x00000000f1400000, 0x0000000100000000)
  eden space 201216K, 0% used [0x00000000e0000000,0x00000000e0000000,0x00000000ec480000)
  from space 14336K, 97% used [0x00000000f0600000,0x00000000f13ab840,0x00000000f1400000)
  to   space 34304K, 0% used [0x00000000ed100000,0x00000000ed100000,0x00000000ef280000)
 ParOldGen       total 79360K, used 52141K [0x00000000a0000000, 0x00000000a4d80000, 0x00000000e0000000)
  object space 79360K, 65% used [0x00000000a0000000,0x00000000a32eb790,0x00000000a4d80000)
 Metaspace       used 90866K, capacity 95204K, committed 95320K, reserved 1132544K
  class space    used 11783K, capacity 12622K, committed 12632K, reserved 1048576K
}
Event: 498.408 GC heap before
{Heap before GC invocations=26 (full 3):
 PSYoungGen      total 215552K, used 106083K [0x00000000e0000000, 0x00000000f1400000, 0x0000000100000000)
  eden space 201216K, 45% used [0x00000000e0000000,0x00000000e59ed4d0,0x00000000ec480000)
  from space 14336K, 97% used [0x00000000f0600000,0x00000000f13ab840,0x00000000f1400000)
  to   space 34304K, 0% used [0x00000000ed100000,0x00000000ed100000,0x00000000ef280000)
 ParOldGen       total 79360K, used 52141K [0x00000000a0000000, 0x00000000a4d80000, 0x00000000e0000000)
  object space 79360K, 65% used [0x00000000a0000000,0x00000000a32eb790,0x00000000a4d80000)
 Metaspace       used 93628K, capacity 98280K, committed 98496K, reserved 1134592K
  class space    used 12152K, capacity 13004K, committed 13016K, reserved 1048576K
Event: 498.463 GC heap after
Heap after GC invocations=26 (full 3):
 PSYoungGen      total 213504K, used 20073K [0x00000000e0000000, 0x00000000f0680000, 0x0000000100000000)
  eden space 193024K, 0% used [0x00000000e0000000,0x00000000e0000000,0x00000000ebc80000)
  from space 20480K, 98% used [0x00000000ed100000,0x00000000ee49a560,0x00000000ee500000)
  to   space 34304K, 0% used [0x00000000ee500000,0x00000000ee500000,0x00000000f0680000)
 ParOldGen       total 79360K, used 52149K [0x00000000a0000000, 0x00000000a4d80000, 0x00000000e0000000)
  object space 79360K, 65% used [0x00000000a0000000,0x00000000a32ed790,0x00000000a4d80000)
 Metaspace       used 93628K, capacity 98280K, committed 98496K, reserved 1134592K
  class space    used 12152K, capacity 13004K, committed 13016K, reserved 1048576K
}
Event: 498.463 GC heap before
{Heap before GC invocations=27 (full 4):
 PSYoungGen      total 213504K, used 20073K [0x00000000e0000000, 0x00000000f0680000, 0x0000000100000000)
  eden space 193024K, 0% used [0x00000000e0000000,0x00000000e0000000,0x00000000ebc80000)
  from space 20480K, 98% used [0x00000000ed100000,0x00000000ee49a560,0x00000000ee500000)
  to   space 34304K, 0% used [0x00000000ee500000,0x00000000ee500000,0x00000000f0680000)
 ParOldGen       total 79360K, used 52149K [0x00000000a0000000, 0x00000000a4d80000, 0x00000000e0000000)
  object space 79360K, 65% used [0x00000000a0000000,0x00000000a32ed790,0x00000000a4d80000)
 Metaspace       used 93628K, capacity 98280K, committed 98496K, reserved 1134592K
  class space    used 12152K, capacity 13004K, committed 13016K, reserved 1048576K
Event: 498.826 GC heap after
Heap after GC invocations=27 (full 4):
 PSYoungGen      total 213504K, used 0K [0x00000000e0000000, 0x00000000f0680000, 0x0000000100000000)
  eden space 193024K, 0% used [0x00000000e0000000,0x00000000e0000000,0x00000000ebc80000)
  from space 20480K, 0% used [0x00000000ed100000,0x00000000ed100000,0x00000000ee500000)
  to   space 34304K, 0% used [0x00000000ee500000,0x00000000ee500000,0x00000000f0680000)
 ParOldGen       total 121856K, used 56359K [0x00000000a0000000, 0x00000000a7700000, 0x00000000e0000000)
  object space 121856K, 46% used [0x00000000a0000000,0x00000000a3709ea0,0x00000000a7700000)
 Metaspace       used 93279K, capacity 97360K, committed 98496K, reserved 1134592K
  class space    used 12030K, capacity 12790K, committed 13016K, reserved 1048576K
}
Event: 852.214 GC heap before
{Heap before GC invocations=28 (full 4):
 PSYoungGen      total 213504K, used 193024K [0x00000000e0000000, 0x00000000f0680000, 0x0000000100000000)
  eden space 193024K, 100% used [0x00000000e0000000,0x00000000ebc80000,0x00000000ebc80000)
  from space 20480K, 0% used [0x00000000ed100000,0x00000000ed100000,0x00000000ee500000)
  to   space 34304K, 0% used [0x00000000ee500000,0x00000000ee500000,0x00000000f0680000)
 ParOldGen       total 121856K, used 56359K [0x00000000a0000000, 0x00000000a7700000, 0x00000000e0000000)
  object space 121856K, 46% used [0x00000000a0000000,0x00000000a3709ea0,0x00000000a7700000)
 Metaspace       used 96105K, capacity 100756K, committed 100928K, reserved 1136640K
  class space    used 12414K, capacity 13343K, committed 13400K, reserved 1048576K
Event: 852.887 GC heap after
Heap after GC invocations=28 (full 4):
 PSYoungGen      total 236032K, used 13681K [0x00000000e0000000, 0x00000000f1280000, 0x0000000100000000)
  eden space 201728K, 0% used [0x00000000e0000000,0x00000000e0000000,0x00000000ec500000)
  from space 34304K, 39% used [0x00000000ee500000,0x00000000ef25c628,0x00000000f0680000)
  to   space 32768K, 0% used [0x00000000ec500000,0x00000000ec500000,0x00000000ee500000)
 ParOldGen       total 121856K, used 56367K [0x00000000a0000000, 0x00000000a7700000, 0x00000000e0000000)
  object space 121856K, 46% used [0x00000000a0000000,0x00000000a370bea0,0x00000000a7700000)
 Metaspace       used 96105K, capacity 100756K, committed 100928K, reserved 1136640K
  class space    used 12414K, capacity 13343K, committed 13400K, reserved 1048576K
}

