# JRE version: OpenJDK Runtime Environment (8.0_212-b04) (build 1.8.0_212-release-1586-b04)
# Java VM: OpenJDK 64-Bit Server VM (25.212-b04 mixed mode windows-amd64 compressed oops)
Heap:
 PSYoungGen      total 124928K, used 9647K [0x00000000e0000000, 0x00000000e9400000, 0x0000000100000000)
  eden space 111104K, 8% used [0x00000000e0000000,0x00000000e096bfc0,0x00000000e6c80000)
  from space 13824K, 0% used [0x00000000e7e00000,0x00000000e7e00000,0x00000000e8b80000)
  to   space 17920K, 0% used [0x00000000e6c80000,0x00000000e6c80000,0x00000000e7e00000)
 ParOldGen       total 92160K, used 34448K [0x00000000a0000000, 0x00000000a5a00000, 0x00000000e0000000)
  object space 92160K, 37% used [0x00000000a0000000,0x00000000a21a4048,0x00000000a5a00000)
 Metaspace       used 57621K, capacity 59494K, committed 59608K, reserved 1099776K
  class space    used 7947K, capacity 8422K, committed 8448K, reserved 1048576K
GC Heap History (10 events):
Event: 22.623 GC heap before
{Heap before GC invocations=15 (full 2):
 PSYoungGen      total 82944K, used 5568K [0x00000000e0000000, 0x00000000e6b80000, 0x0000000100000000)
  eden space 74752K, 0% used [0x00000000e0000000,0x00000000e0000000,0x00000000e4900000)
  from space 8192K, 67% used [0x00000000e4900000,0x00000000e4e70000,0x00000000e5100000)
  to   space 8192K, 0% used [0x00000000e6380000,0x00000000e6380000,0x00000000e6b80000)
 ParOldGen       total 35840K, used 14633K [0x00000000a0000000, 0x00000000a2300000, 0x00000000e0000000)
  object space 35840K, 40% used [0x00000000a0000000,0x00000000a0e4a7d8,0x00000000a2300000)
 Metaspace       used 34612K, capacity 35374K, committed 35456K, reserved 1079296K
  class space    used 4754K, capacity 4960K, committed 4992K, reserved 1048576K
Event: 22.698 GC heap after
Heap after GC invocations=15 (full 2):
 PSYoungGen      total 82944K, used 0K [0x00000000e0000000, 0x00000000e6b80000, 0x0000000100000000)
  eden space 74752K, 0% used [0x00000000e0000000,0x00000000e0000000,0x00000000e4900000)
  from space 8192K, 0% used [0x00000000e4900000,0x00000000e4900000,0x00000000e5100000)
  to   space 8192K, 0% used [0x00000000e6380000,0x00000000e6380000,0x00000000e6b80000)
 ParOldGen       total 55296K, used 15906K [0x00000000a0000000, 0x00000000a3600000, 0x00000000e0000000)
  object space 55296K, 28% used [0x00000000a0000000,0x00000000a0f88b58,0x00000000a3600000)
 Metaspace       used 34606K, capacity 35356K, committed 35456K, reserved 1079296K
  class space    used 4753K, capacity 4957K, committed 4992K, reserved 1048576K
}
Event: 27.191 GC heap before
{Heap before GC invocations=16 (full 2):
 PSYoungGen      total 82944K, used 74400K [0x00000000e0000000, 0x00000000e6b80000, 0x0000000100000000)
  eden space 74752K, 99% used [0x00000000e0000000,0x00000000e48a80c0,0x00000000e4900000)
  from space 8192K, 0% used [0x00000000e4900000,0x00000000e4900000,0x00000000e5100000)
  to   space 8192K, 0% used [0x00000000e6380000,0x00000000e6380000,0x00000000e6b80000)
 ParOldGen       total 55296K, used 15906K [0x00000000a0000000, 0x00000000a3600000, 0x00000000e0000000)
  object space 55296K, 28% used [0x00000000a0000000,0x00000000a0f88b58,0x00000000a3600000)
 Metaspace       used 43051K, capacity 44130K, committed 44288K, reserved 1087488K
  class space    used 5822K, capacity 6131K, committed 6144K, reserved 1048576K
Event: 27.207 GC heap after
Heap after GC invocations=16 (full 2):
 PSYoungGen      total 99840K, used 8179K [0x00000000e0000000, 0x00000000e7080000, 0x0000000100000000)
  eden space 91648K, 0% used [0x00000000e0000000,0x00000000e0000000,0x00000000e5980000)
  from space 8192K, 99% used [0x00000000e6380000,0x00000000e6b7cc40,0x00000000e6b80000)
  to   space 10240K, 0% used [0x00000000e5980000,0x00000000e5980000,0x00000000e6380000)
 ParOldGen       total 55296K, used 18366K [0x00000000a0000000, 0x00000000a3600000, 0x00000000e0000000)
  object space 55296K, 33% used [0x00000000a0000000,0x00000000a11ef9b0,0x00000000a3600000)
 Metaspace       used 43051K, capacity 44130K, committed 44288K, reserved 1087488K
  class space    used 5822K, capacity 6131K, committed 6144K, reserved 1048576K
}
Event: 31.050 GC heap before
{Heap before GC invocations=17 (full 2):
 PSYoungGen      total 99840K, used 99827K [0x00000000e0000000, 0x00000000e7080000, 0x0000000100000000)
  eden space 91648K, 100% used [0x00000000e0000000,0x00000000e5980000,0x00000000e5980000)
  from space 8192K, 99% used [0x00000000e6380000,0x00000000e6b7cc40,0x00000000e6b80000)
  to   space 10240K, 0% used [0x00000000e5980000,0x00000000e5980000,0x00000000e6380000)
 ParOldGen       total 55296K, used 18366K [0x00000000a0000000, 0x00000000a3600000, 0x00000000e0000000)
  object space 55296K, 33% used [0x00000000a0000000,0x00000000a11ef9b0,0x00000000a3600000)
 Metaspace       used 51141K, capacity 52702K, committed 52992K, reserved 1095680K
  class space    used 6965K, capacity 7344K, committed 7424K, reserved 1048576K
Event: 31.069 GC heap after
Heap after GC invocations=17 (full 2):
 PSYoungGen      total 101888K, used 10236K [0x00000000e0000000, 0x00000000e8b80000, 0x0000000100000000)
  eden space 91648K, 0% used [0x00000000e0000000,0x00000000e0000000,0x00000000e5980000)
  from space 10240K, 99% used [0x00000000e5980000,0x00000000e637f320,0x00000000e6380000)
  to   space 13824K, 0% used [0x00000000e7e00000,0x00000000e7e00000,0x00000000e8b80000)
 ParOldGen       total 55296K, used 24099K [0x00000000a0000000, 0x00000000a3600000, 0x00000000e0000000)
  object space 55296K, 43% used [0x00000000a0000000,0x00000000a1788f00,0x00000000a3600000)
 Metaspace       used 51141K, capacity 52702K, committed 52992K, reserved 1095680K
  class space    used 6965K, capacity 7344K, committed 7424K, reserved 1048576K
}
Event: 35.501 GC heap before
{Heap before GC invocations=18 (full 2):
 PSYoungGen      total 101888K, used 97046K [0x00000000e0000000, 0x00000000e8b80000, 0x0000000100000000)
  eden space 91648K, 94% used [0x00000000e0000000,0x00000000e54c6688,0x00000000e5980000)
  from space 10240K, 99% used [0x00000000e5980000,0x00000000e637f320,0x00000000e6380000)
  to   space 13824K, 0% used [0x00000000e7e00000,0x00000000e7e00000,0x00000000e8b80000)
 ParOldGen       total 55296K, used 24099K [0x00000000a0000000, 0x00000000a3600000, 0x00000000e0000000)
  object space 55296K, 43% used [0x00000000a0000000,0x00000000a1788f00,0x00000000a3600000)
 Metaspace       used 57123K, capacity 58982K, committed 59096K, reserved 1099776K
  class space    used 7876K, capacity 8358K, committed 8448K, reserved 1048576K
Event: 35.526 GC heap after
Heap after GC invocations=18 (full 2):
 PSYoungGen      total 124928K, used 13804K [0x00000000e0000000, 0x00000000e9400000, 0x0000000100000000)
  eden space 111104K, 0% used [0x00000000e0000000,0x00000000e0000000,0x00000000e6c80000)
  from space 13824K, 99% used [0x00000000e7e00000,0x00000000e8b7b1e8,0x00000000e8b80000)
  to   space 17920K, 0% used [0x00000000e6c80000,0x00000000e6c80000,0x00000000e7e00000)
 ParOldGen       total 55296K, used 29602K [0x00000000a0000000, 0x00000000a3600000, 0x00000000e0000000)
  object space 55296K, 53% used [0x00000000a0000000,0x00000000a1ce8b20,0x00000000a3600000)
 Metaspace       used 57123K, capacity 58982K, committed 59096K, reserved 1099776K
  class space    used 7876K, capacity 8358K, committed 8448K, reserved 1048576K
}
Event: 35.526 GC heap before
{Heap before GC invocations=19 (full 3):
 PSYoungGen      total 124928K, used 13804K [0x00000000e0000000, 0x00000000e9400000, 0x0000000100000000)
  eden space 111104K, 0% used [0x00000000e0000000,0x00000000e0000000,0x00000000e6c80000)
  from space 13824K, 99% used [0x00000000e7e00000,0x00000000e8b7b1e8,0x00000000e8b80000)
  to   space 17920K, 0% used [0x00000000e6c80000,0x00000000e6c80000,0x00000000e7e00000)
 ParOldGen       total 55296K, used 29602K [0x00000000a0000000, 0x00000000a3600000, 0x00000000e0000000)
  object space 55296K, 53% used [0x00000000a0000000,0x00000000a1ce8b20,0x00000000a3600000)
 Metaspace       used 57123K, capacity 58982K, committed 59096K, reserved 1099776K
  class space    used 7876K, capacity 8358K, committed 8448K, reserved 1048576K
Event: 35.788 GC heap after
Heap after GC invocations=19 (full 3):
 PSYoungGen      total 124928K, used 0K [0x00000000e0000000, 0x00000000e9400000, 0x0000000100000000)
  eden space 111104K, 0% used [0x00000000e0000000,0x00000000e0000000,0x00000000e6c80000)
  from space 13824K, 0% used [0x00000000e7e00000,0x00000000e7e00000,0x00000000e8b80000)
  to   space 17920K, 0% used [0x00000000e6c80000,0x00000000e6c80000,0x00000000e7e00000)
 ParOldGen       total 92160K, used 34448K [0x00000000a0000000, 0x00000000a5a00000, 0x00000000e0000000)
  object space 92160K, 37% used [0x00000000a0000000,0x00000000a21a4048,0x00000000a5a00000)
 Metaspace       used 57123K, capacity 58982K, committed 59096K, reserved 1099776K
  class space    used 7876K, capacity 8358K, committed 8448K, reserved 1048576K
}

