# JRE version: OpenJDK Runtime Environment (8.0_212-b04) (build 1.8.0_212-release-1586-b04)
# Java VM: OpenJDK 64-Bit Server VM (25.212-b04 mixed mode windows-amd64 compressed oops)
Heap:
 PSYoungGen      total 300032K, used 43781K [0x00000000e0000000, 0x00000000f4a80000, 0x0000000100000000)
  eden space 261632K, 9% used [0x00000000e0000000,0x00000000e1982578,0x00000000eff80000)
  from space 38400K, 45% used [0x00000000eff80000,0x00000000f10bef80,0x00000000f2500000)
  to   space 36864K, 0% used [0x00000000f2680000,0x00000000f2680000,0x00000000f4a80000)
 ParOldGen       total 106496K, used 81989K [0x00000000a0000000, 0x00000000a6800000, 0x00000000e0000000)
  object space 106496K, 76% used [0x00000000a0000000,0x00000000a5011620,0x00000000a6800000)
 Metaspace       used 101857K, capacity 109628K, committed 109888K, reserved 1144832K
  class space    used 13043K, capacity 14370K, committed 14424K, reserved 1048576K
GC Heap History (10 events):
Event: 4932.783 GC heap after
Heap after GC invocations=86 (full 4):
 PSYoungGen      total 267264K, used 15901K [0x00000000e0000000, 0x00000000f2d00000, 0x0000000100000000)
  eden space 228352K, 0% used [0x00000000e0000000,0x00000000e0000000,0x00000000edf00000)
  from space 38912K, 40% used [0x00000000f0480000,0x00000000f1407578,0x00000000f2a80000)
  to   space 38400K, 0% used [0x00000000edf00000,0x00000000edf00000,0x00000000f0480000)
 ParOldGen       total 106496K, used 74027K [0x00000000a0000000, 0x00000000a6800000, 0x00000000e0000000)
  object space 106496K, 69% used [0x00000000a0000000,0x00000000a484ac28,0x00000000a6800000)
 Metaspace       used 101690K, capacity 109404K, committed 109632K, reserved 1144832K
  class space    used 13033K, capacity 14366K, committed 14424K, reserved 1048576K
}
Event: 4934.448 GC heap before
{Heap before GC invocations=87 (full 4):
 PSYoungGen      total 267264K, used 244253K [0x00000000e0000000, 0x00000000f2d00000, 0x0000000100000000)
  eden space 228352K, 100% used [0x00000000e0000000,0x00000000edf00000,0x00000000edf00000)
  from space 38912K, 40% used [0x00000000f0480000,0x00000000f1407578,0x00000000f2a80000)
  to   space 38400K, 0% used [0x00000000edf00000,0x00000000edf00000,0x00000000f0480000)
 ParOldGen       total 106496K, used 74027K [0x00000000a0000000, 0x00000000a6800000, 0x00000000e0000000)
  object space 106496K, 69% used [0x00000000a0000000,0x00000000a484ac28,0x00000000a6800000)
 Metaspace       used 101777K, capacity 109496K, committed 109632K, reserved 1144832K
  class space    used 13041K, capacity 14370K, committed 14424K, reserved 1048576K
Event: 4934.497 GC heap after
Heap after GC invocations=87 (full 4):
 PSYoungGen      total 266752K, used 13149K [0x00000000e0000000, 0x00000000f2d00000, 0x0000000100000000)
  eden space 228352K, 0% used [0x00000000e0000000,0x00000000e0000000,0x00000000edf00000)
  from space 38400K, 34% used [0x00000000edf00000,0x00000000eebd75b0,0x00000000f0480000)
  to   space 38912K, 0% used [0x00000000f0480000,0x00000000f0480000,0x00000000f2a80000)
 ParOldGen       total 106496K, used 75060K [0x00000000a0000000, 0x00000000a6800000, 0x00000000e0000000)
  object space 106496K, 70% used [0x00000000a0000000,0x00000000a494d2e0,0x00000000a6800000)
 Metaspace       used 101777K, capacity 109496K, committed 109632K, reserved 1144832K
  class space    used 13041K, capacity 14370K, committed 14424K, reserved 1048576K
}
Event: 4935.691 GC heap before
{Heap before GC invocations=88 (full 4):
 PSYoungGen      total 266752K, used 241501K [0x00000000e0000000, 0x00000000f2d00000, 0x0000000100000000)
  eden space 228352K, 100% used [0x00000000e0000000,0x00000000edf00000,0x00000000edf00000)
  from space 38400K, 34% used [0x00000000edf00000,0x00000000eebd75b0,0x00000000f0480000)
  to   space 38912K, 0% used [0x00000000f0480000,0x00000000f0480000,0x00000000f2a80000)
 ParOldGen       total 106496K, used 75060K [0x00000000a0000000, 0x00000000a6800000, 0x00000000e0000000)
  object space 106496K, 70% used [0x00000000a0000000,0x00000000a494d2e0,0x00000000a6800000)
 Metaspace       used 101798K, capacity 109500K, committed 109632K, reserved 1144832K
  class space    used 13041K, capacity 14370K, committed 14424K, reserved 1048576K
Event: 4935.706 GC heap after
Heap after GC invocations=88 (full 4):
 PSYoungGen      total 267264K, used 11718K [0x00000000e0000000, 0x00000000f2d00000, 0x0000000100000000)
  eden space 228352K, 0% used [0x00000000e0000000,0x00000000e0000000,0x00000000edf00000)
  from space 38912K, 30% used [0x00000000f0480000,0x00000000f0ff1860,0x00000000f2a80000)
  to   space 38400K, 0% used [0x00000000edf00000,0x00000000edf00000,0x00000000f0480000)
 ParOldGen       total 106496K, used 75883K [0x00000000a0000000, 0x00000000a6800000, 0x00000000e0000000)
  object space 106496K, 71% used [0x00000000a0000000,0x00000000a4a1acb0,0x00000000a6800000)
 Metaspace       used 101798K, capacity 109500K, committed 109632K, reserved 1144832K
  class space    used 13041K, capacity 14370K, committed 14424K, reserved 1048576K
}
Event: 4937.106 GC heap before
{Heap before GC invocations=89 (full 4):
 PSYoungGen      total 267264K, used 240070K [0x00000000e0000000, 0x00000000f2d00000, 0x0000000100000000)
  eden space 228352K, 100% used [0x00000000e0000000,0x00000000edf00000,0x00000000edf00000)
  from space 38912K, 30% used [0x00000000f0480000,0x00000000f0ff1860,0x00000000f2a80000)
  to   space 38400K, 0% used [0x00000000edf00000,0x00000000edf00000,0x00000000f0480000)
 ParOldGen       total 106496K, used 75883K [0x00000000a0000000, 0x00000000a6800000, 0x00000000e0000000)
  object space 106496K, 71% used [0x00000000a0000000,0x00000000a4a1acb0,0x00000000a6800000)
 Metaspace       used 101816K, capacity 109500K, committed 109632K, reserved 1144832K
  class space    used 13042K, capacity 14370K, committed 14424K, reserved 1048576K
Event: 4937.133 GC heap after
Heap after GC invocations=89 (full 4):
 PSYoungGen      total 266752K, used 5795K [0x00000000e0000000, 0x00000000f4c00000, 0x0000000100000000)
  eden space 228352K, 0% used [0x00000000e0000000,0x00000000e0000000,0x00000000edf00000)
  from space 38400K, 15% used [0x00000000edf00000,0x00000000ee4a8c20,0x00000000f0480000)
  to   space 38400K, 0% used [0x00000000f2680000,0x00000000f2680000,0x00000000f4c00000)
 ParOldGen       total 106496K, used 81255K [0x00000000a0000000, 0x00000000a6800000, 0x00000000e0000000)
  object space 106496K, 76% used [0x00000000a0000000,0x00000000a4f59f58,0x00000000a6800000)
 Metaspace       used 101816K, capacity 109500K, committed 109632K, reserved 1144832K
  class space    used 13042K, capacity 14370K, committed 14424K, reserved 1048576K
}
Event: 4938.223 GC heap before
{Heap before GC invocations=90 (full 4):
 PSYoungGen      total 266752K, used 234147K [0x00000000e0000000, 0x00000000f4c00000, 0x0000000100000000)
  eden space 228352K, 100% used [0x00000000e0000000,0x00000000edf00000,0x00000000edf00000)
  from space 38400K, 15% used [0x00000000edf00000,0x00000000ee4a8c20,0x00000000f0480000)
  to   space 38400K, 0% used [0x00000000f2680000,0x00000000f2680000,0x00000000f4c00000)
 ParOldGen       total 106496K, used 81255K [0x00000000a0000000, 0x00000000a6800000, 0x00000000e0000000)
  object space 106496K, 76% used [0x00000000a0000000,0x00000000a4f59f58,0x00000000a6800000)
 Metaspace       used 101839K, capacity 109564K, committed 109632K, reserved 1144832K
  class space    used 13042K, capacity 14370K, committed 14424K, reserved 1048576K
Event: 4938.238 GC heap after
Heap after GC invocations=90 (full 4):
 PSYoungGen      total 298496K, used 6217K [0x00000000e0000000, 0x00000000f4a80000, 0x0000000100000000)
  eden space 261632K, 0% used [0x00000000e0000000,0x00000000e0000000,0x00000000eff80000)
  from space 36864K, 16% used [0x00000000f2680000,0x00000000f2c92548,0x00000000f4a80000)
  to   space 38400K, 0% used [0x00000000eff80000,0x00000000eff80000,0x00000000f2500000)
 ParOldGen       total 106496K, used 81583K [0x00000000a0000000, 0x00000000a6800000, 0x00000000e0000000)
  object space 106496K, 76% used [0x00000000a0000000,0x00000000a4fabf68,0x00000000a6800000)
 Metaspace       used 101839K, capacity 109564K, committed 109632K, reserved 1144832K
  class space    used 13042K, capacity 14370K, committed 14424K, reserved 1048576K
}
Event: 4939.582 GC heap before
{Heap before GC invocations=91 (full 4):
 PSYoungGen      total 298496K, used 267849K [0x00000000e0000000, 0x00000000f4a80000, 0x0000000100000000)
  eden space 261632K, 100% used [0x00000000e0000000,0x00000000eff80000,0x00000000eff80000)
  from space 36864K, 16% used [0x00000000f2680000,0x00000000f2c92548,0x00000000f4a80000)
  to   space 38400K, 0% used [0x00000000eff80000,0x00000000eff80000,0x00000000f2500000)
 ParOldGen       total 106496K, used 81583K [0x00000000a0000000, 0x00000000a6800000, 0x00000000e0000000)
  object space 106496K, 76% used [0x00000000a0000000,0x00000000a4fabf68,0x00000000a6800000)
 Metaspace       used 101853K, capacity 109564K, committed 109632K, reserved 1144832K
  class space    used 13042K, capacity 14370K, committed 14424K, reserved 1048576K

